<?xml version="1.0" encoding="UTF-8"?>
<coverage generated="1695510942766" clover="3.2.0">
  <project timestamp="1695510942766" name="All files">
    <metrics statements="263" coveredstatements="237" conditionals="173" coveredconditionals="144" methods="71" coveredmethods="66" elements="507" coveredelements="447" complexity="0" loc="263" ncloc="263" packages="7" files="29" classes="29"/>
    <package name="Errors">
      <metrics statements="6" coveredstatements="6" conditionals="2" coveredconditionals="2" methods="2" coveredmethods="2"/>
      <file name="GenericError.error.ts" path="/Users/colaborador/Documents/git/projects/value-objects/src/Errors/GenericError.error.ts">
        <metrics statements="4" coveredstatements="4" conditionals="1" coveredconditionals="1" methods="1" coveredmethods="1"/>
        <line num="2" count="311" type="stmt"/>
        <line num="5" count="311" type="stmt"/>
        <line num="6" count="311" type="stmt"/>
        <line num="9" count="311" type="stmt"/>
      </file>
      <file name="InvalidValue.error.ts" path="/Users/colaborador/Documents/git/projects/value-objects/src/Errors/InvalidValue.error.ts">
        <metrics statements="2" coveredstatements="2" conditionals="1" coveredconditionals="1" methods="1" coveredmethods="1"/>
        <line num="5" count="307" type="stmt"/>
        <line num="6" count="307" type="stmt"/>
      </file>
      <file name="index.ts" path="/Users/colaborador/Documents/git/projects/value-objects/src/Errors/index.ts">
        <metrics statements="0" coveredstatements="0" conditionals="0" coveredconditionals="0" methods="0" coveredmethods="0"/>
      </file>
    </package>
    <package name="Resources">
      <metrics statements="24" coveredstatements="23" conditionals="12" coveredconditionals="11" methods="8" coveredmethods="8"/>
      <file name="Messages.resource.ts" path="/Users/colaborador/Documents/git/projects/value-objects/src/Resources/Messages.resource.ts">
        <metrics statements="19" coveredstatements="18" conditionals="12" coveredconditionals="11" methods="6" coveredmethods="6"/>
        <line num="5" count="960" type="stmt"/>
        <line num="6" count="960" type="stmt"/>
        <line num="7" count="960" type="stmt"/>
        <line num="9" count="960" type="cond" truecount="2" falsecount="0"/>
        <line num="10" count="2" type="stmt"/>
        <line num="13" count="958" type="cond" truecount="2" falsecount="0"/>
        <line num="14" count="958" type="stmt"/>
        <line num="18" count="961" type="cond" truecount="2" falsecount="0"/>
        <line num="20" count="961" type="cond" truecount="1" falsecount="1"/>
        <line num="21" count="961" type="stmt"/>
        <line num="24" count="0" type="stmt"/>
        <line num="28" count="960" type="stmt"/>
        <line num="29" count="15360" type="stmt"/>
        <line num="32" count="960" type="stmt"/>
        <line num="37" count="960" type="cond" truecount="2" falsecount="0"/>
        <line num="39" count="959" type="stmt"/>
        <line num="40" count="1918" type="stmt"/>
        <line num="43" count="959" type="cond" truecount="2" falsecount="0"/>
        <line num="45" count="958" type="stmt"/>
      </file>
      <file name="Replacer.resource.ts" path="/Users/colaborador/Documents/git/projects/value-objects/src/Resources/Replacer.resource.ts">
        <metrics statements="5" coveredstatements="5" conditionals="0" coveredconditionals="0" methods="2" coveredmethods="2"/>
        <line num="10" count="435" type="stmt"/>
        <line num="11" count="602" type="stmt"/>
        <line num="12" count="432" type="stmt"/>
        <line num="15" count="3" type="stmt"/>
        <line num="16" count="3" type="stmt"/>
      </file>
    </package>
    <package name="Types">
      <metrics statements="0" coveredstatements="0" conditionals="0" coveredconditionals="0" methods="0" coveredmethods="0"/>
      <file name="index.ts" path="/Users/colaborador/Documents/git/projects/value-objects/src/Types/index.ts">
        <metrics statements="0" coveredstatements="0" conditionals="0" coveredconditionals="0" methods="0" coveredmethods="0"/>
      </file>
    </package>
    <package name="Types.RootTypes">
      <metrics statements="25" coveredstatements="18" conditionals="19" coveredconditionals="12" methods="10" coveredmethods="8"/>
      <file name="CreateValidator.ts" path="/Users/colaborador/Documents/git/projects/value-objects/src/Types/RootTypes/CreateValidator.ts">
        <metrics statements="5" coveredstatements="0" conditionals="4" coveredconditionals="0" methods="1" coveredmethods="0"/>
        <line num="5" count="0" type="cond" truecount="0" falsecount="4"/>
        <line num="6" count="0" type="stmt"/>
        <line num="7" count="0" type="stmt"/>
        <line num="8" count="0" type="stmt"/>
        <line num="10" count="0" type="stmt"/>
      </file>
      <file name="GenericEntity.entity.ts" path="/Users/colaborador/Documents/git/projects/value-objects/src/Types/RootTypes/GenericEntity.entity.ts">
        <metrics statements="12" coveredstatements="11" conditionals="13" coveredconditionals="10" methods="3" coveredmethods="3"/>
        <line num="5" count="4" type="stmt"/>
        <line num="8" count="4" type="cond" truecount="1" falsecount="0"/>
        <line num="10" count="8" type="stmt"/>
        <line num="11" count="8" type="cond" truecount="2" falsecount="0"/>
        <line num="12" count="8" type="cond" truecount="3" falsecount="1"/>
        <line num="13" count="8" type="cond" truecount="1" falsecount="1"/>
        <line num="15" count="8" type="cond" truecount="1" falsecount="1"/>
        <line num="16" count="0" type="stmt"/>
        <line num="19" count="8" type="cond" truecount="2" falsecount="0"/>
        <line num="20" count="4" type="stmt"/>
        <line num="23" count="8" type="stmt"/>
        <line num="27" count="1" type="stmt"/>
      </file>
      <file name="GenericType.type.ts" path="/Users/colaborador/Documents/git/projects/value-objects/src/Types/RootTypes/GenericType.type.ts">
        <metrics statements="8" coveredstatements="7" conditionals="2" coveredconditionals="2" methods="6" coveredmethods="5"/>
        <line num="6" count="87" type="stmt"/>
        <line num="9" count="87" type="stmt"/>
        <line num="13" count="15" type="stmt"/>
        <line num="17" count="236" type="stmt"/>
        <line num="18" count="236" type="cond" truecount="2" falsecount="0"/>
        <line num="19" count="69" type="stmt"/>
        <line num="24" count="236" type="stmt"/>
        <line num="28" count="0" type="stmt"/>
      </file>
    </package>
    <package name="Validations">
      <metrics statements="127" coveredstatements="109" conditionals="100" coveredconditionals="91" methods="18" coveredmethods="15"/>
      <file name="CannotBeBlank.validation.ts" path="/Users/colaborador/Documents/git/projects/value-objects/src/Validations/CannotBeBlank.validation.ts">
        <metrics statements="9" coveredstatements="9" conditionals="12" coveredconditionals="12" methods="1" coveredmethods="1"/>
        <line num="5" count="6" type="stmt"/>
        <line num="11" count="103" type="stmt"/>
        <line num="12" count="103" type="cond" truecount="2" falsecount="0"/>
        <line num="14" count="97" type="stmt"/>
        <line num="15" count="97" type="stmt"/>
        <line num="17" count="97" type="stmt"/>
        <line num="18" count="97" type="cond" truecount="2" falsecount="0"/>
        <line num="19" count="85" type="cond" truecount="6" falsecount="0"/>
        <line num="22" count="12" type="stmt"/>
      </file>
      <file name="CannotContainNumbers.validation.ts" path="/Users/colaborador/Documents/git/projects/value-objects/src/Validations/CannotContainNumbers.validation.ts">
        <metrics statements="8" coveredstatements="8" conditionals="7" coveredconditionals="6" methods="1" coveredmethods="1"/>
        <line num="5" count="3" type="cond" truecount="1" falsecount="0"/>
        <line num="7" count="22" type="stmt"/>
        <line num="8" count="22" type="cond" truecount="2" falsecount="0"/>
        <line num="10" count="17" type="stmt"/>
        <line num="13" count="17" type="stmt"/>
        <line num="15" count="17" type="cond" truecount="1" falsecount="1"/>
        <line num="17" count="17" type="stmt"/>
        <line num="18" count="17" type="cond" truecount="2" falsecount="0"/>
      </file>
      <file name="CannotContainSpecialCharacters.validation.ts" path="/Users/colaborador/Documents/git/projects/value-objects/src/Validations/CannotContainSpecialCharacters.validation.ts">
        <metrics statements="8" coveredstatements="8" conditionals="7" coveredconditionals="7" methods="1" coveredmethods="1"/>
        <line num="5" count="3" type="cond" truecount="1" falsecount="0"/>
        <line num="6" count="51" type="stmt"/>
        <line num="7" count="51" type="cond" truecount="2" falsecount="0"/>
        <line num="9" count="46" type="stmt"/>
        <line num="12" count="46" type="stmt"/>
        <line num="14" count="46" type="cond" truecount="2" falsecount="0"/>
        <line num="16" count="43" type="stmt"/>
        <line num="17" count="43" type="cond" truecount="2" falsecount="0"/>
      </file>
      <file name="CannotHaveMoreThanXCharacters.validation.ts" path="/Users/colaborador/Documents/git/projects/value-objects/src/Validations/CannotHaveMoreThanXCharacters.validation.ts">
        <metrics statements="9" coveredstatements="9" conditionals="7" coveredconditionals="7" methods="1" coveredmethods="1"/>
        <line num="5" count="5" type="stmt"/>
        <line num="11" count="78" type="stmt"/>
        <line num="12" count="78" type="cond" truecount="2" falsecount="0"/>
        <line num="14" count="72" type="stmt"/>
        <line num="18" count="72" type="stmt"/>
        <line num="20" count="72" type="stmt"/>
        <line num="21" count="72" type="cond" truecount="2" falsecount="0"/>
        <line num="22" count="63" type="cond" truecount="2" falsecount="0"/>
        <line num="25" count="9" type="stmt"/>
      </file>
      <file name="CannotStartWithZero.validation.ts" path="/Users/colaborador/Documents/git/projects/value-objects/src/Validations/CannotStartWithZero.validation.ts">
        <metrics statements="7" coveredstatements="7" conditionals="7" coveredconditionals="7" methods="1" coveredmethods="1"/>
        <line num="5" count="3" type="cond" truecount="1" falsecount="0"/>
        <line num="6" count="20" type="stmt"/>
        <line num="7" count="20" type="cond" truecount="2" falsecount="0"/>
        <line num="9" count="15" type="stmt"/>
        <line num="12" count="15" type="stmt"/>
        <line num="14" count="15" type="cond" truecount="2" falsecount="0"/>
        <line num="15" count="12" type="cond" truecount="2" falsecount="0"/>
      </file>
      <file name="IsValidColor.validation.ts" path="/Users/colaborador/Documents/git/projects/value-objects/src/Validations/IsValidColor.validation.ts">
        <metrics statements="12" coveredstatements="1" conditionals="7" coveredconditionals="0" methods="2" coveredmethods="0"/>
        <line num="6" count="2" type="cond" truecount="0" falsecount="1"/>
        <line num="7" count="0" type="stmt"/>
        <line num="8" count="0" type="cond" truecount="0" falsecount="2"/>
        <line num="10" count="0" type="stmt"/>
        <line num="13" count="0" type="stmt"/>
        <line num="16" count="0" type="stmt"/>
        <line num="17" count="0" type="cond" truecount="0" falsecount="2"/>
        <line num="18" count="0" type="stmt"/>
        <line num="20" count="0" type="stmt"/>
        <line num="21" count="0" type="stmt"/>
        <line num="22" count="0" type="stmt"/>
        <line num="26" count="0" type="cond" truecount="0" falsecount="2"/>
      </file>
      <file name="IsValidEmail.validation.ts" path="/Users/colaborador/Documents/git/projects/value-objects/src/Validations/IsValidEmail.validation.ts">
        <metrics statements="10" coveredstatements="10" conditionals="7" coveredconditionals="7" methods="2" coveredmethods="2"/>
        <line num="5" count="3" type="cond" truecount="1" falsecount="0"/>
        <line num="6" count="26" type="stmt"/>
        <line num="7" count="26" type="cond" truecount="2" falsecount="0"/>
        <line num="9" count="21" type="stmt"/>
        <line num="12" count="21" type="stmt"/>
        <line num="15" count="21" type="stmt"/>
        <line num="16" count="21" type="cond" truecount="2" falsecount="0"/>
        <line num="17" count="18" type="stmt"/>
        <line num="19" count="3" type="stmt"/>
        <line num="23" count="21" type="cond" truecount="2" falsecount="0"/>
      </file>
      <file name="IsValidUrl.validation.ts" path="/Users/colaborador/Documents/git/projects/value-objects/src/Validations/IsValidUrl.validation.ts">
        <metrics statements="11" coveredstatements="11" conditionals="7" coveredconditionals="7" methods="2" coveredmethods="2"/>
        <line num="5" count="3" type="cond" truecount="1" falsecount="0"/>
        <line num="7" count="19" type="stmt"/>
        <line num="8" count="19" type="cond" truecount="2" falsecount="0"/>
        <line num="10" count="14" type="stmt"/>
        <line num="13" count="14" type="stmt"/>
        <line num="16" count="14" type="stmt"/>
        <line num="17" count="14" type="cond" truecount="2" falsecount="0"/>
        <line num="18" count="11" type="stmt"/>
        <line num="19" count="8" type="stmt"/>
        <line num="21" count="6" type="stmt"/>
        <line num="25" count="14" type="cond" truecount="2" falsecount="0"/>
      </file>
      <file name="MustBeContainedInEnum.validation.ts" path="/Users/colaborador/Documents/git/projects/value-objects/src/Validations/MustBeContainedInEnum.validation.ts">
        <metrics statements="15" coveredstatements="15" conditionals="11" coveredconditionals="11" methods="2" coveredmethods="2"/>
        <line num="7" count="3" type="stmt"/>
        <line num="14" count="15" type="stmt"/>
        <line num="15" count="15" type="cond" truecount="2" falsecount="0"/>
        <line num="17" count="10" type="stmt"/>
        <line num="18" count="10" type="cond" truecount="2" falsecount="0"/>
        <line num="19" count="9" type="cond" truecount="2" falsecount="0"/>
        <line num="21" count="8" type="stmt"/>
        <line num="23" count="8" type="stmt"/>
        <line num="27" count="8" type="stmt"/>
        <line num="29" count="8" type="cond" truecount="2" falsecount="0"/>
        <line num="31" count="5" type="stmt"/>
        <line num="32" count="34" type="stmt"/>
        <line num="35" count="5" type="cond" truecount="2" falsecount="0"/>
        <line num="36" count="1" type="stmt"/>
        <line num="40" count="4" type="stmt"/>
      </file>
      <file name="MustContainOnlyNumbers.validation.ts" path="/Users/colaborador/Documents/git/projects/value-objects/src/Validations/MustContainOnlyNumbers.validation.ts">
        <metrics statements="7" coveredstatements="7" conditionals="7" coveredconditionals="7" methods="1" coveredmethods="1"/>
        <line num="5" count="3" type="cond" truecount="1" falsecount="0"/>
        <line num="7" count="23" type="stmt"/>
        <line num="8" count="23" type="cond" truecount="2" falsecount="0"/>
        <line num="10" count="18" type="stmt"/>
        <line num="13" count="18" type="stmt"/>
        <line num="15" count="18" type="cond" truecount="2" falsecount="0"/>
        <line num="16" count="15" type="cond" truecount="2" falsecount="0"/>
      </file>
      <file name="MustHaveAtLeastXCharacters.validation.ts" path="/Users/colaborador/Documents/git/projects/value-objects/src/Validations/MustHaveAtLeastXCharacters.validation.ts">
        <metrics statements="9" coveredstatements="9" conditionals="7" coveredconditionals="7" methods="1" coveredmethods="1"/>
        <line num="5" count="6" type="stmt"/>
        <line num="12" count="91" type="stmt"/>
        <line num="13" count="91" type="cond" truecount="2" falsecount="0"/>
        <line num="15" count="85" type="stmt"/>
        <line num="19" count="85" type="stmt"/>
        <line num="21" count="85" type="stmt"/>
        <line num="22" count="85" type="cond" truecount="2" falsecount="0"/>
        <line num="24" count="70" type="cond" truecount="2" falsecount="0"/>
        <line num="27" count="15" type="stmt"/>
      </file>
      <file name="MustHaveOnlyOneWord.validation.ts" path="/Users/colaborador/Documents/git/projects/value-objects/src/Validations/MustHaveOnlyOneWord.validation.ts">
        <metrics statements="11" coveredstatements="11" conditionals="8" coveredconditionals="8" methods="1" coveredmethods="1"/>
        <line num="5" count="3" type="cond" truecount="1" falsecount="0"/>
        <line num="7" count="41" type="stmt"/>
        <line num="8" count="41" type="cond" truecount="2" falsecount="0"/>
        <line num="10" count="36" type="stmt"/>
        <line num="13" count="36" type="stmt"/>
        <line num="15" count="36" type="stmt"/>
        <line num="16" count="36" type="stmt"/>
        <line num="17" count="35" type="stmt"/>
        <line num="18" count="35" type="stmt"/>
        <line num="20" count="35" type="cond" truecount="5" falsecount="0"/>
        <line num="23" count="1" type="stmt"/>
      </file>
      <file name="MustHaveTheSameStructureThan.validation.ts" path="/Users/colaborador/Documents/git/projects/value-objects/src/Validations/MustHaveTheSameStructureThan.validation.ts">
        <metrics statements="7" coveredstatements="0" conditionals="1" coveredconditionals="0" methods="1" coveredmethods="0"/>
        <line num="6" count="0" type="stmt"/>
        <line num="10" count="0" type="stmt"/>
        <line num="12" count="0" type="stmt"/>
        <line num="13" count="0" type="stmt"/>
        <line num="14" count="0" type="stmt"/>
        <line num="16" count="0" type="stmt"/>
        <line num="18" count="0" type="stmt"/>
      </file>
      <file name="ValidationsTools.ts" path="/Users/colaborador/Documents/git/projects/value-objects/src/Validations/ValidationsTools.ts">
        <metrics statements="4" coveredstatements="4" conditionals="5" coveredconditionals="5" methods="1" coveredmethods="1"/>
        <line num="5" count="499" type="stmt"/>
        <line num="7" count="499" type="cond" truecount="2" falsecount="0"/>
        <line num="8" count="463" type="cond" truecount="2" falsecount="0"/>
        <line num="9" count="436" type="stmt"/>
      </file>
      <file name="index.ts" path="/Users/colaborador/Documents/git/projects/value-objects/src/Validations/index.ts">
        <metrics statements="0" coveredstatements="0" conditionals="0" coveredconditionals="0" methods="0" coveredmethods="0"/>
      </file>
    </package>
    <package name="ValueObjects.Person">
      <metrics statements="32" coveredstatements="32" conditionals="20" coveredconditionals="13" methods="11" coveredmethods="11"/>
      <file name="FullName.type.ts" path="/Users/colaborador/Documents/git/projects/value-objects/src/ValueObjects/Person/FullName.type.ts">
        <metrics statements="32" coveredstatements="32" conditionals="20" coveredconditionals="13" methods="11" coveredmethods="11"/>
        <line num="8" count="17" type="cond" truecount="1" falsecount="1"/>
        <line num="9" count="17" type="stmt"/>
        <line num="10" count="17" type="cond" truecount="1" falsecount="1"/>
        <line num="11" count="17" type="stmt"/>
        <line num="12" count="17" type="stmt"/>
        <line num="13" count="17" type="stmt"/>
        <line num="14" count="17" type="stmt"/>
        <line num="15" count="17" type="stmt"/>
        <line num="17" count="17" type="stmt"/>
        <line num="22" count="44" type="cond" truecount="1" falsecount="1"/>
        <line num="26" count="8" type="cond" truecount="1" falsecount="1"/>
        <line num="27" count="8" type="stmt"/>
        <line num="31" count="7" type="cond" truecount="1" falsecount="1"/>
        <line num="32" count="7" type="cond" truecount="1" falsecount="1"/>
        <line num="36" count="8" type="cond" truecount="2" falsecount="0"/>
        <line num="37" count="3" type="cond" truecount="1" falsecount="1"/>
        <line num="42" count="16" type="stmt"/>
        <line num="46" count="17" type="stmt"/>
        <line num="47" count="17" type="stmt"/>
        <line num="48" count="17" type="stmt"/>
        <line num="49" count="17" type="stmt"/>
        <line num="50" count="30" type="stmt"/>
        <line num="53" count="17" type="stmt"/>
        <line num="54" count="17" type="stmt"/>
        <line num="56" count="17" type="stmt"/>
        <line num="57" count="136" type="stmt"/>
        <line num="65" count="17" type="stmt"/>
        <line num="66" count="17" type="stmt"/>
        <line num="67" count="17" type="stmt"/>
        <line num="68" count="45" type="cond" truecount="2" falsecount="0"/>
        <line num="69" count="30" type="stmt"/>
        <line num="73" count="17" type="stmt"/>
      </file>
    </package>
    <package name="ValueObjects.StringLiteral">
      <metrics statements="49" coveredstatements="49" conditionals="20" coveredconditionals="15" methods="22" coveredmethods="22"/>
      <file name="LongDescription.type.ts" path="/Users/colaborador/Documents/git/projects/value-objects/src/ValueObjects/StringLiteral/LongDescription.type.ts">
        <metrics statements="8" coveredstatements="8" conditionals="4" coveredconditionals="3" methods="4" coveredmethods="4"/>
        <line num="7" count="8" type="cond" truecount="1" falsecount="1"/>
        <line num="8" count="8" type="stmt"/>
        <line num="9" count="8" type="stmt"/>
        <line num="10" count="8" type="stmt"/>
        <line num="11" count="8" type="stmt"/>
        <line num="13" count="8" type="cond" truecount="2" falsecount="0"/>
        <line num="14" count="1" type="stmt"/>
        <line num="20" count="8" type="stmt"/>
      </file>
      <file name="ShortDescription.type.ts" path="/Users/colaborador/Documents/git/projects/value-objects/src/ValueObjects/StringLiteral/ShortDescription.type.ts">
        <metrics statements="9" coveredstatements="9" conditionals="4" coveredconditionals="3" methods="5" coveredmethods="5"/>
        <line num="8" count="18" type="cond" truecount="1" falsecount="1"/>
        <line num="9" count="18" type="stmt"/>
        <line num="11" count="18" type="stmt"/>
        <line num="12" count="18" type="stmt"/>
        <line num="13" count="18" type="stmt"/>
        <line num="14" count="18" type="stmt"/>
        <line num="17" count="18" type="cond" truecount="2" falsecount="0"/>
        <line num="18" count="10" type="stmt"/>
        <line num="25" count="18" type="stmt"/>
      </file>
      <file name="SingleWord.type.ts" path="/Users/colaborador/Documents/git/projects/value-objects/src/ValueObjects/StringLiteral/SingleWord.type.ts">
        <metrics statements="10" coveredstatements="10" conditionals="6" coveredconditionals="5" methods="6" coveredmethods="6"/>
        <line num="10" count="17" type="cond" truecount="2" falsecount="0"/>
        <line num="11" count="17" type="stmt"/>
        <line num="12" count="17" type="stmt"/>
        <line num="13" count="17" type="stmt"/>
        <line num="14" count="17" type="stmt"/>
        <line num="15" count="17" type="stmt"/>
        <line num="16" count="17" type="stmt"/>
        <line num="18" count="17" type="cond" truecount="2" falsecount="0"/>
        <line num="19" count="11" type="stmt"/>
        <line num="25" count="17" type="stmt"/>
      </file>
      <file name="Title.type.ts" path="/Users/colaborador/Documents/git/projects/value-objects/src/ValueObjects/StringLiteral/Title.type.ts">
        <metrics statements="22" coveredstatements="22" conditionals="6" coveredconditionals="4" methods="7" coveredmethods="7"/>
        <line num="8" count="11" type="cond" truecount="1" falsecount="1"/>
        <line num="9" count="11" type="stmt"/>
        <line num="10" count="11" type="stmt"/>
        <line num="11" count="11" type="stmt"/>
        <line num="12" count="11" type="stmt"/>
        <line num="13" count="11" type="stmt"/>
        <line num="15" count="11" type="cond" truecount="2" falsecount="0"/>
        <line num="16" count="9" type="stmt"/>
        <line num="22" count="11" type="stmt"/>
        <line num="26" count="9" type="stmt"/>
        <line num="27" count="9" type="stmt"/>
        <line num="28" count="24" type="stmt"/>
        <line num="31" count="9" type="stmt"/>
        <line num="32" count="9" type="stmt"/>
        <line num="34" count="9" type="stmt"/>
        <line num="35" count="90" type="stmt"/>
        <line num="44" count="9" type="stmt"/>
        <line num="45" count="9" type="stmt"/>
        <line num="46" count="9" type="stmt"/>
        <line num="47" count="24" type="cond" truecount="1" falsecount="1"/>
        <line num="48" count="24" type="stmt"/>
        <line num="52" count="9" type="stmt"/>
      </file>
    </package>
  </project>
</coverage>
