{"/Users/colaborador/Documents/git/projects/value-objects/src/Errors/GenericError.error.ts": {"path":"/Users/colaborador/Documents/git/projects/value-objects/src/Errors/GenericError.error.ts","statementMap":{"0":{"start":{"line":2,"column":41},"end":{"line":2,"column":52}},"1":{"start":{"line":5,"column":8},"end":{"line":5,"column":23}},"2":{"start":{"line":6,"column":8},"end":{"line":6,"column":29}},"3":{"start":{"line":9,"column":8},"end":{"line":9,"column":60}}},"fnMap":{"0":{"name":"(anonymous_0)","decl":{"start":{"line":4,"column":4},"end":{"line":4,"column":5}},"loc":{"start":{"line":4,"column":48},"end":{"line":10,"column":5}},"line":4}},"branchMap":{"0":{"loc":{"start":{"line":4,"column":33},"end":{"line":4,"column":46}},"type":"default-arg","locations":[{"start":{"line":4,"column":42},"end":{"line":4,"column":46}}],"line":4}},"s":{"0":231,"1":231,"2":231,"3":231},"f":{"0":231},"b":{"0":[0]},"_coverageSchema":"1a1c01bbd47fc00a2c39e90264f33305004495a9","hash":"431df33ff64a6104598b7f2dd1e4dfa8a1154512"}
,"/Users/colaborador/Documents/git/projects/value-objects/src/Errors/InvalidValue.error.ts": {"path":"/Users/colaborador/Documents/git/projects/value-objects/src/Errors/InvalidValue.error.ts","statementMap":{"0":{"start":{"line":5,"column":2},"end":{"line":5,"column":24}},"1":{"start":{"line":6,"column":2},"end":{"line":6,"column":54}}},"fnMap":{"0":{"name":"(anonymous_0)","decl":{"start":{"line":4,"column":1},"end":{"line":4,"column":2}},"loc":{"start":{"line":4,"column":49},"end":{"line":7,"column":2}},"line":4}},"branchMap":{"0":{"loc":{"start":{"line":4,"column":30},"end":{"line":4,"column":47}},"type":"default-arg","locations":[{"start":{"line":4,"column":43},"end":{"line":4,"column":47}}],"line":4}},"s":{"0":229,"1":229},"f":{"0":229},"b":{"0":[227]},"_coverageSchema":"1a1c01bbd47fc00a2c39e90264f33305004495a9","hash":"97dbc2f390a5f30c4ac0de8c87e2ec0e679f32bf"}
,"/Users/colaborador/Documents/git/projects/value-objects/src/Types/RootTypes/GenericEntity.entity.ts": {"path":"/Users/colaborador/Documents/git/projects/value-objects/src/Types/RootTypes/GenericEntity.entity.ts","statementMap":{"0":{"start":{"line":5,"column":4},"end":{"line":5,"column":16}},"1":{"start":{"line":8,"column":13},"end":{"line":24,"column":3}},"2":{"start":{"line":10,"column":21},"end":{"line":10,"column":53}},"3":{"start":{"line":11,"column":23},"end":{"line":11,"column":57}},"4":{"start":{"line":12,"column":21},"end":{"line":12,"column":93}},"5":{"start":{"line":13,"column":27},"end":{"line":13,"column":49}},"6":{"start":{"line":15,"column":4},"end":{"line":17,"column":5}},"7":{"start":{"line":16,"column":6},"end":{"line":16,"column":19}},"8":{"start":{"line":19,"column":4},"end":{"line":21,"column":5}},"9":{"start":{"line":20,"column":6},"end":{"line":20,"column":57}},"10":{"start":{"line":23,"column":4},"end":{"line":23,"column":17}},"11":{"start":{"line":27,"column":4},"end":{"line":27,"column":14}}},"fnMap":{"0":{"name":"(anonymous_0)","decl":{"start":{"line":4,"column":2},"end":{"line":4,"column":3}},"loc":{"start":{"line":4,"column":16},"end":{"line":6,"column":3}},"line":4},"1":{"name":"(anonymous_1)","decl":{"start":{"line":8,"column":13},"end":{"line":8,"column":14}},"loc":{"start":{"line":8,"column":76},"end":{"line":24,"column":3}},"line":8},"2":{"name":"(anonymous_2)","decl":{"start":{"line":26,"column":2},"end":{"line":26,"column":3}},"loc":{"start":{"line":26,"column":11},"end":{"line":28,"column":3}},"line":26}},"branchMap":{"0":{"loc":{"start":{"line":8,"column":47},"end":{"line":8,"column":71}},"type":"default-arg","locations":[{"start":{"line":8,"column":67},"end":{"line":8,"column":71}}],"line":8},"1":{"loc":{"start":{"line":11,"column":23},"end":{"line":11,"column":57}},"type":"binary-expr","locations":[{"start":{"line":11,"column":23},"end":{"line":11,"column":45}},{"start":{"line":11,"column":49},"end":{"line":11,"column":57}}],"line":11},"2":{"loc":{"start":{"line":12,"column":21},"end":{"line":12,"column":93}},"type":"cond-expr","locations":[{"start":{"line":12,"column":32},"end":{"line":12,"column":85}},{"start":{"line":12,"column":88},"end":{"line":12,"column":93}}],"line":12},"3":{"loc":{"start":{"line":12,"column":32},"end":{"line":12,"column":85}},"type":"binary-expr","locations":[{"start":{"line":12,"column":32},"end":{"line":12,"column":58}},{"start":{"line":12,"column":62},"end":{"line":12,"column":85}}],"line":12},"4":{"loc":{"start":{"line":13,"column":27},"end":{"line":13,"column":49}},"type":"binary-expr","locations":[{"start":{"line":13,"column":27},"end":{"line":13,"column":37}},{"start":{"line":13,"column":41},"end":{"line":13,"column":49}}],"line":13},"5":{"loc":{"start":{"line":15,"column":4},"end":{"line":17,"column":5}},"type":"if","locations":[{"start":{"line":15,"column":4},"end":{"line":17,"column":5}},{"start":{},"end":{}}],"line":15},"6":{"loc":{"start":{"line":19,"column":4},"end":{"line":21,"column":5}},"type":"if","locations":[{"start":{"line":19,"column":4},"end":{"line":21,"column":5}},{"start":{},"end":{}}],"line":19}},"s":{"0":4,"1":4,"2":8,"3":8,"4":8,"5":8,"6":8,"7":0,"8":8,"9":4,"10":8,"11":1},"f":{"0":4,"1":8,"2":1},"b":{"0":[8],"1":[8,8],"2":[8,0],"3":[8,8],"4":[8,0],"5":[0,8],"6":[4,4]},"_coverageSchema":"1a1c01bbd47fc00a2c39e90264f33305004495a9","hash":"49b33342ffa0803a796af4b209d732998bb536da"}
,"/Users/colaborador/Documents/git/projects/value-objects/src/Types/RootTypes/GenericType.type.ts": {"path":"/Users/colaborador/Documents/git/projects/value-objects/src/Types/RootTypes/GenericType.type.ts","statementMap":{"0":{"start":{"line":6,"column":32},"end":{"line":6,"column":43}},"1":{"start":{"line":9,"column":4},"end":{"line":9,"column":23}},"2":{"start":{"line":13,"column":4},"end":{"line":13,"column":37}},"3":{"start":{"line":17,"column":16},"end":{"line":17,"column":26}},"4":{"start":{"line":18,"column":4},"end":{"line":20,"column":5}},"5":{"start":{"line":19,"column":6},"end":{"line":19,"column":28}},"6":{"start":{"line":24,"column":4},"end":{"line":24,"column":76}},"7":{"start":{"line":24,"column":41},"end":{"line":24,"column":74}},"8":{"start":{"line":28,"column":4},"end":{"line":28,"column":14}}},"fnMap":{"0":{"name":"(anonymous_0)","decl":{"start":{"line":8,"column":2},"end":{"line":8,"column":3}},"loc":{"start":{"line":8,"column":26},"end":{"line":10,"column":3}},"line":8},"1":{"name":"(anonymous_1)","decl":{"start":{"line":12,"column":2},"end":{"line":12,"column":3}},"loc":{"start":{"line":12,"column":25},"end":{"line":14,"column":3}},"line":12},"2":{"name":"(anonymous_2)","decl":{"start":{"line":16,"column":2},"end":{"line":16,"column":3}},"loc":{"start":{"line":16,"column":34},"end":{"line":21,"column":3}},"line":16},"3":{"name":"(anonymous_3)","decl":{"start":{"line":23,"column":2},"end":{"line":23,"column":3}},"loc":{"start":{"line":23,"column":34},"end":{"line":25,"column":3}},"line":23},"4":{"name":"(anonymous_4)","decl":{"start":{"line":24,"column":27},"end":{"line":24,"column":28}},"loc":{"start":{"line":24,"column":41},"end":{"line":24,"column":74}},"line":24},"5":{"name":"(anonymous_5)","decl":{"start":{"line":27,"column":2},"end":{"line":27,"column":3}},"loc":{"start":{"line":27,"column":11},"end":{"line":29,"column":3}},"line":27}},"branchMap":{"0":{"loc":{"start":{"line":18,"column":4},"end":{"line":20,"column":5}},"type":"if","locations":[{"start":{"line":18,"column":4},"end":{"line":20,"column":5}},{"start":{},"end":{}}],"line":18}},"s":{"0":31,"1":31,"2":15,"3":59,"4":59,"5":19,"6":26,"7":59,"8":0},"f":{"0":31,"1":15,"2":59,"3":26,"4":59,"5":0},"b":{"0":[19,40]},"_coverageSchema":"1a1c01bbd47fc00a2c39e90264f33305004495a9","hash":"3bbb6985a2daba665abc10e0d6fabd1c914eae58"}
,"/Users/colaborador/Documents/git/projects/value-objects/src/Validations/CannotBeBlank.validation.ts": {"path":"/Users/colaborador/Documents/git/projects/value-objects/src/Validations/CannotBeBlank.validation.ts","statementMap":{"0":{"start":{"line":4,"column":29},"end":{"line":22,"column":1}},"1":{"start":{"line":10,"column":25},"end":{"line":10,"column":45}},"2":{"start":{"line":11,"column":1},"end":{"line":11,"column":53}},"3":{"start":{"line":11,"column":31},"end":{"line":11,"column":53}},"4":{"start":{"line":13,"column":22},"end":{"line":13,"column":111}},"5":{"start":{"line":15,"column":1},"end":{"line":21,"column":2}},"6":{"start":{"line":16,"column":2},"end":{"line":16,"column":70}},"7":{"start":{"line":16,"column":33},"end":{"line":16,"column":70}},"8":{"start":{"line":17,"column":2},"end":{"line":17,"column":128}},"9":{"start":{"line":20,"column":2},"end":{"line":20,"column":39}}},"fnMap":{"0":{"name":"(anonymous_0)","decl":{"start":{"line":4,"column":29},"end":{"line":4,"column":30}},"loc":{"start":{"line":9,"column":5},"end":{"line":22,"column":1}},"line":9}},"branchMap":{"0":{"loc":{"start":{"line":7,"column":1},"end":{"line":7,"column":16}},"type":"default-arg","locations":[{"start":{"line":7,"column":12},"end":{"line":7,"column":16}}],"line":7},"1":{"loc":{"start":{"line":8,"column":1},"end":{"line":8,"column":27}},"type":"default-arg","locations":[{"start":{"line":8,"column":20},"end":{"line":8,"column":27}}],"line":8},"2":{"loc":{"start":{"line":11,"column":1},"end":{"line":11,"column":53}},"type":"if","locations":[{"start":{"line":11,"column":1},"end":{"line":11,"column":53}},{"start":{},"end":{}}],"line":11},"3":{"loc":{"start":{"line":13,"column":22},"end":{"line":13,"column":111}},"type":"cond-expr","locations":[{"start":{"line":13,"column":45},"end":{"line":13,"column":81}},{"start":{"line":13,"column":84},"end":{"line":13,"column":111}}],"line":13},"4":{"loc":{"start":{"line":16,"column":2},"end":{"line":16,"column":70}},"type":"if","locations":[{"start":{"line":16,"column":2},"end":{"line":16,"column":70}},{"start":{},"end":{}}],"line":16},"5":{"loc":{"start":{"line":17,"column":9},"end":{"line":17,"column":127}},"type":"cond-expr","locations":[{"start":{"line":17,"column":90},"end":{"line":17,"column":120}},{"start":{"line":17,"column":123},"end":{"line":17,"column":127}}],"line":17},"6":{"loc":{"start":{"line":17,"column":9},"end":{"line":17,"column":87}},"type":"binary-expr","locations":[{"start":{"line":17,"column":9},"end":{"line":17,"column":17}},{"start":{"line":17,"column":22},"end":{"line":17,"column":40}},{"start":{"line":17,"column":44},"end":{"line":17,"column":62}},{"start":{"line":17,"column":66},"end":{"line":17,"column":86}}],"line":17}},"s":{"0":2,"1":47,"2":47,"3":5,"4":42,"5":42,"6":42,"7":3,"8":39,"9":3},"f":{"0":47},"b":{"0":[26],"1":[47],"2":[5,42],"3":[0,42],"4":[3,39],"5":[10,29],"6":[39,33,33,28]},"_coverageSchema":"1a1c01bbd47fc00a2c39e90264f33305004495a9","hash":"a534789fd441649521fa578b0b7beb29cc28811e"}
,"/Users/colaborador/Documents/git/projects/value-objects/src/Validations/CannotHaveMoreThanXCharacters.validation.ts": {"path":"/Users/colaborador/Documents/git/projects/value-objects/src/Validations/CannotHaveMoreThanXCharacters.validation.ts","statementMap":{"0":{"start":{"line":4,"column":45},"end":{"line":22,"column":1}},"1":{"start":{"line":10,"column":25},"end":{"line":10,"column":45}},"2":{"start":{"line":11,"column":1},"end":{"line":11,"column":53}},"3":{"start":{"line":11,"column":31},"end":{"line":11,"column":53}},"4":{"start":{"line":13,"column":22},"end":{"line":13,"column":179}},"5":{"start":{"line":15,"column":1},"end":{"line":21,"column":2}},"6":{"start":{"line":16,"column":2},"end":{"line":16,"column":70}},"7":{"start":{"line":16,"column":33},"end":{"line":16,"column":70}},"8":{"start":{"line":17,"column":2},"end":{"line":17,"column":89}},"9":{"start":{"line":20,"column":2},"end":{"line":20,"column":39}}},"fnMap":{"0":{"name":"(anonymous_0)","decl":{"start":{"line":4,"column":45},"end":{"line":4,"column":46}},"loc":{"start":{"line":9,"column":5},"end":{"line":22,"column":1}},"line":9}},"branchMap":{"0":{"loc":{"start":{"line":8,"column":1},"end":{"line":8,"column":27}},"type":"default-arg","locations":[{"start":{"line":8,"column":20},"end":{"line":8,"column":27}}],"line":8},"1":{"loc":{"start":{"line":11,"column":1},"end":{"line":11,"column":53}},"type":"if","locations":[{"start":{"line":11,"column":1},"end":{"line":11,"column":53}},{"start":{},"end":{}}],"line":11},"2":{"loc":{"start":{"line":13,"column":22},"end":{"line":13,"column":179}},"type":"cond-expr","locations":[{"start":{"line":13,"column":45},"end":{"line":13,"column":110}},{"start":{"line":13,"column":113},"end":{"line":13,"column":179}}],"line":13},"3":{"loc":{"start":{"line":16,"column":2},"end":{"line":16,"column":70}},"type":"if","locations":[{"start":{"line":16,"column":2},"end":{"line":16,"column":70}},{"start":{},"end":{}}],"line":16},"4":{"loc":{"start":{"line":17,"column":9},"end":{"line":17,"column":88}},"type":"cond-expr","locations":[{"start":{"line":17,"column":51},"end":{"line":17,"column":81}},{"start":{"line":17,"column":84},"end":{"line":17,"column":88}}],"line":17}},"s":{"0":2,"1":30,"2":30,"3":5,"4":25,"5":25,"6":25,"7":3,"8":22,"9":3},"f":{"0":30},"b":{"0":[30],"1":[5,25],"2":[0,25],"3":[3,22],"4":[4,18]},"_coverageSchema":"1a1c01bbd47fc00a2c39e90264f33305004495a9","hash":"eb664514b725cddd0ff7a1edb7b8648e9dd791ec"}
,"/Users/colaborador/Documents/git/projects/value-objects/src/Validations/CannotHaveSpecialCharacters.validation.ts": {"path":"/Users/colaborador/Documents/git/projects/value-objects/src/Validations/CannotHaveSpecialCharacters.validation.ts","statementMap":{"0":{"start":{"line":4,"column":43},"end":{"line":15,"column":1}},"1":{"start":{"line":5,"column":25},"end":{"line":5,"column":45}},"2":{"start":{"line":6,"column":1},"end":{"line":6,"column":53}},"3":{"start":{"line":6,"column":31},"end":{"line":6,"column":53}},"4":{"start":{"line":9,"column":22},"end":{"line":9,"column":137}},"5":{"start":{"line":11,"column":1},"end":{"line":11,"column":70}},"6":{"start":{"line":11,"column":32},"end":{"line":11,"column":70}},"7":{"start":{"line":13,"column":13},"end":{"line":13,"column":37}},"8":{"start":{"line":14,"column":1},"end":{"line":14,"column":66}}},"fnMap":{"0":{"name":"(anonymous_0)","decl":{"start":{"line":4,"column":43},"end":{"line":4,"column":44}},"loc":{"start":{"line":4,"column":105},"end":{"line":15,"column":1}},"line":4}},"branchMap":{"0":{"loc":{"start":{"line":4,"column":74},"end":{"line":4,"column":100}},"type":"default-arg","locations":[{"start":{"line":4,"column":93},"end":{"line":4,"column":100}}],"line":4},"1":{"loc":{"start":{"line":6,"column":1},"end":{"line":6,"column":53}},"type":"if","locations":[{"start":{"line":6,"column":1},"end":{"line":6,"column":53}},{"start":{},"end":{}}],"line":6},"2":{"loc":{"start":{"line":9,"column":22},"end":{"line":9,"column":137}},"type":"cond-expr","locations":[{"start":{"line":9,"column":45},"end":{"line":9,"column":91}},{"start":{"line":9,"column":94},"end":{"line":9,"column":137}}],"line":9},"3":{"loc":{"start":{"line":11,"column":1},"end":{"line":11,"column":70}},"type":"if","locations":[{"start":{"line":11,"column":1},"end":{"line":11,"column":70}},{"start":{},"end":{}}],"line":11},"4":{"loc":{"start":{"line":14,"column":8},"end":{"line":14,"column":64}},"type":"cond-expr","locations":[{"start":{"line":14,"column":28},"end":{"line":14,"column":32}},{"start":{"line":14,"column":34},"end":{"line":14,"column":64}}],"line":14}},"s":{"0":1,"1":51,"2":51,"3":5,"4":46,"5":46,"6":3,"7":43,"8":43},"f":{"0":51},"b":{"0":[51],"1":[5,46],"2":[0,46],"3":[3,43],"4":[6,37]},"_coverageSchema":"1a1c01bbd47fc00a2c39e90264f33305004495a9","hash":"60d281de173e8387fa189f095ee34d24f245c8e0"}
,"/Users/colaborador/Documents/git/projects/value-objects/src/Validations/CannotStartWithZero.validation.ts": {"path":"/Users/colaborador/Documents/git/projects/value-objects/src/Validations/CannotStartWithZero.validation.ts","statementMap":{"0":{"start":{"line":4,"column":35},"end":{"line":11,"column":1}},"1":{"start":{"line":5,"column":25},"end":{"line":5,"column":45}},"2":{"start":{"line":6,"column":1},"end":{"line":6,"column":53}},"3":{"start":{"line":6,"column":31},"end":{"line":6,"column":53}},"4":{"start":{"line":8,"column":22},"end":{"line":8,"column":119}},"5":{"start":{"line":9,"column":1},"end":{"line":9,"column":70}},"6":{"start":{"line":9,"column":32},"end":{"line":9,"column":70}},"7":{"start":{"line":10,"column":1},"end":{"line":10,"column":72}}},"fnMap":{"0":{"name":"(anonymous_0)","decl":{"start":{"line":4,"column":35},"end":{"line":4,"column":36}},"loc":{"start":{"line":4,"column":97},"end":{"line":11,"column":1}},"line":4}},"branchMap":{"0":{"loc":{"start":{"line":4,"column":66},"end":{"line":4,"column":92}},"type":"default-arg","locations":[{"start":{"line":4,"column":85},"end":{"line":4,"column":92}}],"line":4},"1":{"loc":{"start":{"line":6,"column":1},"end":{"line":6,"column":53}},"type":"if","locations":[{"start":{"line":6,"column":1},"end":{"line":6,"column":53}},{"start":{},"end":{}}],"line":6},"2":{"loc":{"start":{"line":8,"column":22},"end":{"line":8,"column":119}},"type":"cond-expr","locations":[{"start":{"line":8,"column":45},"end":{"line":8,"column":82}},{"start":{"line":8,"column":85},"end":{"line":8,"column":119}}],"line":8},"3":{"loc":{"start":{"line":9,"column":1},"end":{"line":9,"column":70}},"type":"if","locations":[{"start":{"line":9,"column":1},"end":{"line":9,"column":70}},{"start":{},"end":{}}],"line":9},"4":{"loc":{"start":{"line":10,"column":8},"end":{"line":10,"column":71}},"type":"cond-expr","locations":[{"start":{"line":10,"column":34},"end":{"line":10,"column":64}},{"start":{"line":10,"column":67},"end":{"line":10,"column":71}}],"line":10}},"s":{"0":1,"1":20,"2":20,"3":5,"4":15,"5":15,"6":3,"7":12},"f":{"0":20},"b":{"0":[20],"1":[5,15],"2":[0,15],"3":[3,12],"4":[4,8]},"_coverageSchema":"1a1c01bbd47fc00a2c39e90264f33305004495a9","hash":"d0d0c3d6d489a53075eaf1def2d925b1ce853e21"}
,"/Users/colaborador/Documents/git/projects/value-objects/src/Validations/IsValidColor.validation.ts": {"path":"/Users/colaborador/Documents/git/projects/value-objects/src/Validations/IsValidColor.validation.ts","statementMap":{"0":{"start":{"line":5,"column":28},"end":{"line":21,"column":1}},"1":{"start":{"line":6,"column":25},"end":{"line":6,"column":45}},"2":{"start":{"line":7,"column":1},"end":{"line":7,"column":53}},"3":{"start":{"line":7,"column":31},"end":{"line":7,"column":53}},"4":{"start":{"line":9,"column":22},"end":{"line":9,"column":118}},"5":{"start":{"line":12,"column":2},"end":{"line":17,"column":3}},"6":{"start":{"line":13,"column":3},"end":{"line":13,"column":71}},"7":{"start":{"line":13,"column":34},"end":{"line":13,"column":71}},"8":{"start":{"line":14,"column":3},"end":{"line":14,"column":38}},"9":{"start":{"line":16,"column":3},"end":{"line":16,"column":16}},"10":{"start":{"line":20,"column":1},"end":{"line":20,"column":72}}},"fnMap":{"0":{"name":"(anonymous_0)","decl":{"start":{"line":5,"column":28},"end":{"line":5,"column":29}},"loc":{"start":{"line":5,"column":90},"end":{"line":21,"column":1}},"line":5},"1":{"name":"colorValidation","decl":{"start":{"line":11,"column":10},"end":{"line":11,"column":25}},"loc":{"start":{"line":11,"column":41},"end":{"line":18,"column":2}},"line":11}},"branchMap":{"0":{"loc":{"start":{"line":5,"column":59},"end":{"line":5,"column":85}},"type":"default-arg","locations":[{"start":{"line":5,"column":78},"end":{"line":5,"column":85}}],"line":5},"1":{"loc":{"start":{"line":7,"column":1},"end":{"line":7,"column":53}},"type":"if","locations":[{"start":{"line":7,"column":1},"end":{"line":7,"column":53}},{"start":{},"end":{}}],"line":7},"2":{"loc":{"start":{"line":9,"column":22},"end":{"line":9,"column":118}},"type":"cond-expr","locations":[{"start":{"line":9,"column":45},"end":{"line":9,"column":81}},{"start":{"line":9,"column":84},"end":{"line":9,"column":118}}],"line":9},"3":{"loc":{"start":{"line":13,"column":3},"end":{"line":13,"column":71}},"type":"if","locations":[{"start":{"line":13,"column":3},"end":{"line":13,"column":71}},{"start":{},"end":{}}],"line":13},"4":{"loc":{"start":{"line":20,"column":8},"end":{"line":20,"column":71}},"type":"cond-expr","locations":[{"start":{"line":20,"column":34},"end":{"line":20,"column":64}},{"start":{"line":20,"column":67},"end":{"line":20,"column":71}}],"line":20}},"s":{"0":1,"1":31,"2":31,"3":5,"4":26,"5":26,"6":26,"7":3,"8":23,"9":3,"10":26},"f":{"0":31,"1":26},"b":{"0":[31],"1":[5,26],"2":[0,26],"3":[3,23],"4":[12,14]},"_coverageSchema":"1a1c01bbd47fc00a2c39e90264f33305004495a9","hash":"0efb9b747d847cea43eff660ef73e35bfff0c101"}
,"/Users/colaborador/Documents/git/projects/value-objects/src/Validations/IsValidEmail.validation.ts": {"path":"/Users/colaborador/Documents/git/projects/value-objects/src/Validations/IsValidEmail.validation.ts","statementMap":{"0":{"start":{"line":4,"column":28},"end":{"line":20,"column":1}},"1":{"start":{"line":5,"column":25},"end":{"line":5,"column":45}},"2":{"start":{"line":6,"column":1},"end":{"line":6,"column":53}},"3":{"start":{"line":6,"column":31},"end":{"line":6,"column":53}},"4":{"start":{"line":8,"column":22},"end":{"line":8,"column":121}},"5":{"start":{"line":11,"column":2},"end":{"line":16,"column":3}},"6":{"start":{"line":12,"column":3},"end":{"line":12,"column":71}},"7":{"start":{"line":12,"column":34},"end":{"line":12,"column":71}},"8":{"start":{"line":13,"column":3},"end":{"line":13,"column":67}},"9":{"start":{"line":15,"column":3},"end":{"line":15,"column":16}},"10":{"start":{"line":19,"column":1},"end":{"line":19,"column":70}}},"fnMap":{"0":{"name":"(anonymous_0)","decl":{"start":{"line":4,"column":28},"end":{"line":4,"column":29}},"loc":{"start":{"line":4,"column":90},"end":{"line":20,"column":1}},"line":4},"1":{"name":"validateEmail","decl":{"start":{"line":10,"column":10},"end":{"line":10,"column":23}},"loc":{"start":{"line":10,"column":39},"end":{"line":17,"column":2}},"line":10}},"branchMap":{"0":{"loc":{"start":{"line":4,"column":59},"end":{"line":4,"column":85}},"type":"default-arg","locations":[{"start":{"line":4,"column":78},"end":{"line":4,"column":85}}],"line":4},"1":{"loc":{"start":{"line":6,"column":1},"end":{"line":6,"column":53}},"type":"if","locations":[{"start":{"line":6,"column":1},"end":{"line":6,"column":53}},{"start":{},"end":{}}],"line":6},"2":{"loc":{"start":{"line":8,"column":22},"end":{"line":8,"column":121}},"type":"cond-expr","locations":[{"start":{"line":8,"column":45},"end":{"line":8,"column":83}},{"start":{"line":8,"column":86},"end":{"line":8,"column":121}}],"line":8},"3":{"loc":{"start":{"line":12,"column":3},"end":{"line":12,"column":71}},"type":"if","locations":[{"start":{"line":12,"column":3},"end":{"line":12,"column":71}},{"start":{},"end":{}}],"line":12},"4":{"loc":{"start":{"line":19,"column":8},"end":{"line":19,"column":69}},"type":"cond-expr","locations":[{"start":{"line":19,"column":32},"end":{"line":19,"column":62}},{"start":{"line":19,"column":65},"end":{"line":19,"column":69}}],"line":19}},"s":{"0":1,"1":26,"2":26,"3":5,"4":21,"5":21,"6":21,"7":3,"8":18,"9":3,"10":21},"f":{"0":26,"1":21},"b":{"0":[26],"1":[5,21],"2":[0,21],"3":[3,18],"4":[15,6]},"_coverageSchema":"1a1c01bbd47fc00a2c39e90264f33305004495a9","hash":"c269c407310142ffdd68a8d1936872ce8181d95b"}
,"/Users/colaborador/Documents/git/projects/value-objects/src/Validations/IsValidUrl.validation.ts": {"path":"/Users/colaborador/Documents/git/projects/value-objects/src/Validations/IsValidUrl.validation.ts","statementMap":{"0":{"start":{"line":4,"column":26},"end":{"line":22,"column":1}},"1":{"start":{"line":6,"column":25},"end":{"line":6,"column":45}},"2":{"start":{"line":7,"column":1},"end":{"line":7,"column":53}},"3":{"start":{"line":7,"column":31},"end":{"line":7,"column":53}},"4":{"start":{"line":9,"column":22},"end":{"line":9,"column":116}},"5":{"start":{"line":12,"column":2},"end":{"line":18,"column":3}},"6":{"start":{"line":13,"column":3},"end":{"line":13,"column":69}},"7":{"start":{"line":13,"column":32},"end":{"line":13,"column":69}},"8":{"start":{"line":14,"column":3},"end":{"line":14,"column":16}},"9":{"start":{"line":15,"column":3},"end":{"line":15,"column":15}},"10":{"start":{"line":17,"column":3},"end":{"line":17,"column":16}},"11":{"start":{"line":21,"column":1},"end":{"line":21,"column":68}}},"fnMap":{"0":{"name":"(anonymous_0)","decl":{"start":{"line":4,"column":26},"end":{"line":4,"column":27}},"loc":{"start":{"line":4,"column":88},"end":{"line":22,"column":1}},"line":4},"1":{"name":"validateUrl","decl":{"start":{"line":11,"column":10},"end":{"line":11,"column":21}},"loc":{"start":{"line":11,"column":35},"end":{"line":19,"column":2}},"line":11}},"branchMap":{"0":{"loc":{"start":{"line":4,"column":57},"end":{"line":4,"column":83}},"type":"default-arg","locations":[{"start":{"line":4,"column":76},"end":{"line":4,"column":83}}],"line":4},"1":{"loc":{"start":{"line":7,"column":1},"end":{"line":7,"column":53}},"type":"if","locations":[{"start":{"line":7,"column":1},"end":{"line":7,"column":53}},{"start":{},"end":{}}],"line":7},"2":{"loc":{"start":{"line":9,"column":22},"end":{"line":9,"column":116}},"type":"cond-expr","locations":[{"start":{"line":9,"column":45},"end":{"line":9,"column":81}},{"start":{"line":9,"column":84},"end":{"line":9,"column":116}}],"line":9},"3":{"loc":{"start":{"line":13,"column":3},"end":{"line":13,"column":69}},"type":"if","locations":[{"start":{"line":13,"column":3},"end":{"line":13,"column":69}},{"start":{},"end":{}}],"line":13},"4":{"loc":{"start":{"line":21,"column":8},"end":{"line":21,"column":67}},"type":"cond-expr","locations":[{"start":{"line":21,"column":30},"end":{"line":21,"column":60}},{"start":{"line":21,"column":63},"end":{"line":21,"column":67}}],"line":21}},"s":{"0":1,"1":19,"2":19,"3":5,"4":14,"5":14,"6":14,"7":3,"8":11,"9":8,"10":6,"11":14},"f":{"0":19,"1":14},"b":{"0":[19],"1":[5,14],"2":[0,14],"3":[3,11],"4":[6,8]},"_coverageSchema":"1a1c01bbd47fc00a2c39e90264f33305004495a9","hash":"d2e0065bec9d31673aa46309afbc3de1eb000e0b"}
,"/Users/colaborador/Documents/git/projects/value-objects/src/Validations/MustBeContainedInEnum.validation.ts": {"path":"/Users/colaborador/Documents/git/projects/value-objects/src/Validations/MustBeContainedInEnum.validation.ts","statementMap":{"0":{"start":{"line":6,"column":37},"end":{"line":35,"column":1}},"1":{"start":{"line":13,"column":25},"end":{"line":13,"column":45}},"2":{"start":{"line":14,"column":1},"end":{"line":14,"column":53}},"3":{"start":{"line":14,"column":31},"end":{"line":14,"column":53}},"4":{"start":{"line":16,"column":26},"end":{"line":16,"column":92}},"5":{"start":{"line":17,"column":1},"end":{"line":17,"column":80}},"6":{"start":{"line":17,"column":38},"end":{"line":17,"column":80}},"7":{"start":{"line":18,"column":1},"end":{"line":18,"column":69}},"8":{"start":{"line":18,"column":27},"end":{"line":18,"column":69}},"9":{"start":{"line":20,"column":15},"end":{"line":20,"column":48}},"10":{"start":{"line":22,"column":22},"end":{"line":22,"column":195}},"11":{"start":{"line":23,"column":1},"end":{"line":23,"column":70}},"12":{"start":{"line":23,"column":32},"end":{"line":23,"column":70}},"13":{"start":{"line":25,"column":19},"end":{"line":27,"column":3}},"14":{"start":{"line":26,"column":2},"end":{"line":26,"column":51}},"15":{"start":{"line":29,"column":1},"end":{"line":32,"column":2}},"16":{"start":{"line":30,"column":2},"end":{"line":31,"column":4}},"17":{"start":{"line":34,"column":1},"end":{"line":34,"column":13}}},"fnMap":{"0":{"name":"(anonymous_0)","decl":{"start":{"line":6,"column":37},"end":{"line":6,"column":38}},"loc":{"start":{"line":11,"column":5},"end":{"line":35,"column":1}},"line":11},"1":{"name":"(anonymous_1)","decl":{"start":{"line":25,"column":49},"end":{"line":25,"column":50}},"loc":{"start":{"line":25,"column":54},"end":{"line":27,"column":2}},"line":25}},"branchMap":{"0":{"loc":{"start":{"line":10,"column":1},"end":{"line":10,"column":27}},"type":"default-arg","locations":[{"start":{"line":10,"column":20},"end":{"line":10,"column":27}}],"line":10},"1":{"loc":{"start":{"line":14,"column":1},"end":{"line":14,"column":53}},"type":"if","locations":[{"start":{"line":14,"column":1},"end":{"line":14,"column":53}},{"start":{},"end":{}}],"line":14},"2":{"loc":{"start":{"line":16,"column":26},"end":{"line":16,"column":92}},"type":"cond-expr","locations":[{"start":{"line":16,"column":49},"end":{"line":16,"column":69}},{"start":{"line":16,"column":72},"end":{"line":16,"column":92}}],"line":16},"3":{"loc":{"start":{"line":17,"column":1},"end":{"line":17,"column":80}},"type":"if","locations":[{"start":{"line":17,"column":1},"end":{"line":17,"column":80}},{"start":{},"end":{}}],"line":17},"4":{"loc":{"start":{"line":18,"column":1},"end":{"line":18,"column":69}},"type":"if","locations":[{"start":{"line":18,"column":1},"end":{"line":18,"column":69}},{"start":{},"end":{}}],"line":18},"5":{"loc":{"start":{"line":22,"column":22},"end":{"line":22,"column":195}},"type":"cond-expr","locations":[{"start":{"line":22,"column":45},"end":{"line":22,"column":118}},{"start":{"line":22,"column":121},"end":{"line":22,"column":195}}],"line":22},"6":{"loc":{"start":{"line":23,"column":1},"end":{"line":23,"column":70}},"type":"if","locations":[{"start":{"line":23,"column":1},"end":{"line":23,"column":70}},{"start":{},"end":{}}],"line":23},"7":{"loc":{"start":{"line":29,"column":1},"end":{"line":32,"column":2}},"type":"if","locations":[{"start":{"line":29,"column":1},"end":{"line":32,"column":2}},{"start":{},"end":{}}],"line":29}},"s":{"0":1,"1":14,"2":14,"3":5,"4":9,"5":9,"6":0,"7":9,"8":1,"9":8,"10":8,"11":8,"12":3,"13":5,"14":34,"15":5,"16":1,"17":4},"f":{"0":14,"1":34},"b":{"0":[14],"1":[5,9],"2":[0,9],"3":[0,9],"4":[1,8],"5":[0,8],"6":[3,5],"7":[1,4]},"_coverageSchema":"1a1c01bbd47fc00a2c39e90264f33305004495a9","hash":"b62d2659c4b94fbf2aafef1a0fd80bc764b13410"}
,"/Users/colaborador/Documents/git/projects/value-objects/src/Validations/MustContainOnlyNumbers.validation.ts": {"path":"/Users/colaborador/Documents/git/projects/value-objects/src/Validations/MustContainOnlyNumbers.validation.ts","statementMap":{"0":{"start":{"line":4,"column":38},"end":{"line":14,"column":1}},"1":{"start":{"line":6,"column":25},"end":{"line":6,"column":45}},"2":{"start":{"line":7,"column":1},"end":{"line":7,"column":53}},"3":{"start":{"line":7,"column":31},"end":{"line":7,"column":53}},"4":{"start":{"line":9,"column":22},"end":{"line":9,"column":124}},"5":{"start":{"line":10,"column":1},"end":{"line":10,"column":70}},"6":{"start":{"line":10,"column":32},"end":{"line":10,"column":70}},"7":{"start":{"line":11,"column":1},"end":{"line":13,"column":9}}},"fnMap":{"0":{"name":"(anonymous_0)","decl":{"start":{"line":4,"column":38},"end":{"line":4,"column":39}},"loc":{"start":{"line":4,"column":100},"end":{"line":14,"column":1}},"line":4}},"branchMap":{"0":{"loc":{"start":{"line":4,"column":69},"end":{"line":4,"column":95}},"type":"default-arg","locations":[{"start":{"line":4,"column":88},"end":{"line":4,"column":95}}],"line":4},"1":{"loc":{"start":{"line":7,"column":1},"end":{"line":7,"column":53}},"type":"if","locations":[{"start":{"line":7,"column":1},"end":{"line":7,"column":53}},{"start":{},"end":{}}],"line":7},"2":{"loc":{"start":{"line":9,"column":22},"end":{"line":9,"column":124}},"type":"cond-expr","locations":[{"start":{"line":9,"column":45},"end":{"line":9,"column":84}},{"start":{"line":9,"column":87},"end":{"line":9,"column":124}}],"line":9},"3":{"loc":{"start":{"line":10,"column":1},"end":{"line":10,"column":70}},"type":"if","locations":[{"start":{"line":10,"column":1},"end":{"line":10,"column":70}},{"start":{},"end":{}}],"line":10},"4":{"loc":{"start":{"line":11,"column":8},"end":{"line":13,"column":8}},"type":"cond-expr","locations":[{"start":{"line":12,"column":4},"end":{"line":12,"column":34}},{"start":{"line":13,"column":4},"end":{"line":13,"column":8}}],"line":11}},"s":{"0":1,"1":23,"2":23,"3":5,"4":18,"5":18,"6":3,"7":15},"f":{"0":23},"b":{"0":[23],"1":[5,18],"2":[0,18],"3":[3,15],"4":[10,5]},"_coverageSchema":"1a1c01bbd47fc00a2c39e90264f33305004495a9","hash":"57e8521093149830d628da3c881c95710a4c906a"}
,"/Users/colaborador/Documents/git/projects/value-objects/src/Validations/MustHaveAtLeastXCharacters.validation.ts": {"path":"/Users/colaborador/Documents/git/projects/value-objects/src/Validations/MustHaveAtLeastXCharacters.validation.ts","statementMap":{"0":{"start":{"line":4,"column":42},"end":{"line":23,"column":1}},"1":{"start":{"line":11,"column":25},"end":{"line":11,"column":45}},"2":{"start":{"line":12,"column":1},"end":{"line":12,"column":53}},"3":{"start":{"line":12,"column":31},"end":{"line":12,"column":53}},"4":{"start":{"line":14,"column":22},"end":{"line":14,"column":174}},"5":{"start":{"line":15,"column":1},"end":{"line":22,"column":2}},"6":{"start":{"line":16,"column":2},"end":{"line":16,"column":70}},"7":{"start":{"line":16,"column":33},"end":{"line":16,"column":70}},"8":{"start":{"line":18,"column":2},"end":{"line":18,"column":89}},"9":{"start":{"line":21,"column":2},"end":{"line":21,"column":39}}},"fnMap":{"0":{"name":"(anonymous_0)","decl":{"start":{"line":4,"column":42},"end":{"line":4,"column":43}},"loc":{"start":{"line":9,"column":5},"end":{"line":23,"column":1}},"line":9}},"branchMap":{"0":{"loc":{"start":{"line":8,"column":1},"end":{"line":8,"column":27}},"type":"default-arg","locations":[{"start":{"line":8,"column":20},"end":{"line":8,"column":27}}],"line":8},"1":{"loc":{"start":{"line":12,"column":1},"end":{"line":12,"column":53}},"type":"if","locations":[{"start":{"line":12,"column":1},"end":{"line":12,"column":53}},{"start":{},"end":{}}],"line":12},"2":{"loc":{"start":{"line":14,"column":22},"end":{"line":14,"column":174}},"type":"cond-expr","locations":[{"start":{"line":14,"column":45},"end":{"line":14,"column":108}},{"start":{"line":14,"column":111},"end":{"line":14,"column":174}}],"line":14},"3":{"loc":{"start":{"line":16,"column":2},"end":{"line":16,"column":70}},"type":"if","locations":[{"start":{"line":16,"column":2},"end":{"line":16,"column":70}},{"start":{},"end":{}}],"line":16},"4":{"loc":{"start":{"line":18,"column":9},"end":{"line":18,"column":88}},"type":"cond-expr","locations":[{"start":{"line":18,"column":51},"end":{"line":18,"column":81}},{"start":{"line":18,"column":84},"end":{"line":18,"column":88}}],"line":18}},"s":{"0":2,"1":35,"2":35,"3":5,"4":30,"5":30,"6":30,"7":6,"8":24,"9":6},"f":{"0":35},"b":{"0":[35],"1":[5,30],"2":[0,30],"3":[6,24],"4":[11,13]},"_coverageSchema":"1a1c01bbd47fc00a2c39e90264f33305004495a9","hash":"97d18c0dc9b0be475797fe105332f93ab2eaf851"}
,"/Users/colaborador/Documents/git/projects/value-objects/src/Validations/MustHaveOnlyOneWord.validation.ts": {"path":"/Users/colaborador/Documents/git/projects/value-objects/src/Validations/MustHaveOnlyOneWord.validation.ts","statementMap":{"0":{"start":{"line":4,"column":35},"end":{"line":21,"column":1}},"1":{"start":{"line":6,"column":25},"end":{"line":6,"column":45}},"2":{"start":{"line":7,"column":1},"end":{"line":7,"column":53}},"3":{"start":{"line":7,"column":31},"end":{"line":7,"column":53}},"4":{"start":{"line":9,"column":22},"end":{"line":9,"column":118}},"5":{"start":{"line":11,"column":1},"end":{"line":20,"column":2}},"6":{"start":{"line":12,"column":20},"end":{"line":12,"column":52}},"7":{"start":{"line":13,"column":18},"end":{"line":13,"column":50}},"8":{"start":{"line":14,"column":21},"end":{"line":15,"column":10}},"9":{"start":{"line":16,"column":2},"end":{"line":16,"column":86}},"10":{"start":{"line":19,"column":2},"end":{"line":19,"column":39}}},"fnMap":{"0":{"name":"(anonymous_0)","decl":{"start":{"line":4,"column":35},"end":{"line":4,"column":36}},"loc":{"start":{"line":4,"column":97},"end":{"line":21,"column":1}},"line":4}},"branchMap":{"0":{"loc":{"start":{"line":4,"column":66},"end":{"line":4,"column":92}},"type":"default-arg","locations":[{"start":{"line":4,"column":85},"end":{"line":4,"column":92}}],"line":4},"1":{"loc":{"start":{"line":7,"column":1},"end":{"line":7,"column":53}},"type":"if","locations":[{"start":{"line":7,"column":1},"end":{"line":7,"column":53}},{"start":{},"end":{}}],"line":7},"2":{"loc":{"start":{"line":9,"column":22},"end":{"line":9,"column":118}},"type":"cond-expr","locations":[{"start":{"line":9,"column":45},"end":{"line":9,"column":81}},{"start":{"line":9,"column":84},"end":{"line":9,"column":118}}],"line":9},"3":{"loc":{"start":{"line":16,"column":9},"end":{"line":16,"column":85}},"type":"cond-expr","locations":[{"start":{"line":16,"column":48},"end":{"line":16,"column":78}},{"start":{"line":16,"column":81},"end":{"line":16,"column":85}}],"line":16},"4":{"loc":{"start":{"line":16,"column":10},"end":{"line":16,"column":44}},"type":"binary-expr","locations":[{"start":{"line":16,"column":10},"end":{"line":16,"column":19}},{"start":{"line":16,"column":23},"end":{"line":16,"column":33}},{"start":{"line":16,"column":37},"end":{"line":16,"column":44}}],"line":16}},"s":{"0":1,"1":24,"2":24,"3":5,"4":19,"5":19,"6":19,"7":19,"8":19,"9":19,"10":0},"f":{"0":24},"b":{"0":[24],"1":[5,19],"2":[0,19],"3":[4,15],"4":[19,17,16]},"_coverageSchema":"1a1c01bbd47fc00a2c39e90264f33305004495a9","hash":"51fd1d350b1124d66543e3bf8d2e9a370a9ebcc4"}
,"/Users/colaborador/Documents/git/projects/value-objects/src/Validations/ValidationsTools.ts": {"path":"/Users/colaborador/Documents/git/projects/value-objects/src/Validations/ValidationsTools.ts","statementMap":{"0":{"start":{"line":4,"column":22},"end":{"line":4,"column":99}},"1":{"start":{"line":5,"column":1},"end":{"line":5,"column":70}},"2":{"start":{"line":5,"column":32},"end":{"line":5,"column":70}},"3":{"start":{"line":6,"column":1},"end":{"line":6,"column":64}},"4":{"start":{"line":6,"column":26},"end":{"line":6,"column":64}},"5":{"start":{"line":7,"column":1},"end":{"line":7,"column":13}}},"fnMap":{"0":{"name":"validateLabel","decl":{"start":{"line":3,"column":16},"end":{"line":3,"column":29}},"loc":{"start":{"line":3,"column":73},"end":{"line":8,"column":1}},"line":3}},"branchMap":{"0":{"loc":{"start":{"line":3,"column":45},"end":{"line":3,"column":71}},"type":"default-arg","locations":[{"start":{"line":3,"column":64},"end":{"line":3,"column":71}}],"line":3},"1":{"loc":{"start":{"line":4,"column":22},"end":{"line":4,"column":99}},"type":"cond-expr","locations":[{"start":{"line":4,"column":45},"end":{"line":4,"column":72}},{"start":{"line":4,"column":75},"end":{"line":4,"column":99}}],"line":4},"2":{"loc":{"start":{"line":5,"column":1},"end":{"line":5,"column":70}},"type":"if","locations":[{"start":{"line":5,"column":1},"end":{"line":5,"column":70}},{"start":{},"end":{}}],"line":5},"3":{"loc":{"start":{"line":6,"column":1},"end":{"line":6,"column":64}},"type":"if","locations":[{"start":{"line":6,"column":1},"end":{"line":6,"column":64}},{"start":{},"end":{}}],"line":6}},"s":{"0":330,"1":330,"2":36,"3":294,"4":24,"5":270},"f":{"0":330},"b":{"0":[330],"1":[0,330],"2":[36,294],"3":[24,270]},"_coverageSchema":"1a1c01bbd47fc00a2c39e90264f33305004495a9","hash":"ad39e0373baf4e9dedddaf9d1357adef747eea37"}
,"/Users/colaborador/Documents/git/projects/value-objects/src/ValueObjects/Person/FullName.type.ts": {"path":"/Users/colaborador/Documents/git/projects/value-objects/src/ValueObjects/Person/FullName.type.ts","statementMap":{"0":{"start":{"line":8,"column":16},"end":{"line":8,"column":31}},"1":{"start":{"line":9,"column":4},"end":{"line":9,"column":16}},"2":{"start":{"line":10,"column":4},"end":{"line":18,"column":5}},"3":{"start":{"line":11,"column":27},"end":{"line":11,"column":47}},"4":{"start":{"line":12,"column":6},"end":{"line":16,"column":9}},"5":{"start":{"line":13,"column":14},"end":{"line":13,"column":56}},"6":{"start":{"line":14,"column":14},"end":{"line":14,"column":62}},"7":{"start":{"line":15,"column":14},"end":{"line":15,"column":66}},"8":{"start":{"line":17,"column":6},"end":{"line":17,"column":32}},"9":{"start":{"line":22,"column":4},"end":{"line":22,"column":40}},"10":{"start":{"line":26,"column":4},"end":{"line":26,"column":47}},"11":{"start":{"line":26,"column":38},"end":{"line":26,"column":47}},"12":{"start":{"line":27,"column":4},"end":{"line":27,"column":30}},"13":{"start":{"line":31,"column":4},"end":{"line":31,"column":46}},"14":{"start":{"line":31,"column":37},"end":{"line":31,"column":46}},"15":{"start":{"line":32,"column":4},"end":{"line":32,"column":40}},"16":{"start":{"line":36,"column":4},"end":{"line":36,"column":45}},"17":{"start":{"line":36,"column":36},"end":{"line":36,"column":45}},"18":{"start":{"line":37,"column":4},"end":{"line":37,"column":79}},"19":{"start":{"line":42,"column":2},"end":{"line":42,"column":45}},"20":{"start":{"line":46,"column":2},"end":{"line":46,"column":29}},"21":{"start":{"line":47,"column":2},"end":{"line":47,"column":50}},"22":{"start":{"line":48,"column":2},"end":{"line":48,"column":42}},"23":{"start":{"line":49,"column":2},"end":{"line":51,"column":5}},"24":{"start":{"line":50,"column":4},"end":{"line":50,"column":36}},"25":{"start":{"line":53,"column":54},"end":{"line":53,"column":102}},"26":{"start":{"line":54,"column":52},"end":{"line":54,"column":100}},"27":{"start":{"line":56,"column":2},"end":{"line":64,"column":3}},"28":{"start":{"line":56,"column":15},"end":{"line":56,"column":71}},"29":{"start":{"line":57,"column":4},"end":{"line":63,"column":6}},"30":{"start":{"line":65,"column":14},"end":{"line":65,"column":33}},"31":{"start":{"line":66,"column":2},"end":{"line":66,"column":16}},"32":{"start":{"line":67,"column":2},"end":{"line":71,"column":3}},"33":{"start":{"line":68,"column":4},"end":{"line":70,"column":5}},"34":{"start":{"line":69,"column":6},"end":{"line":69,"column":43}},"35":{"start":{"line":73,"column":2},"end":{"line":73,"column":25}}},"fnMap":{"0":{"name":"(anonymous_0)","decl":{"start":{"line":7,"column":2},"end":{"line":7,"column":3}},"loc":{"start":{"line":7,"column":60},"end":{"line":19,"column":3}},"line":7},"1":{"name":"(anonymous_1)","decl":{"start":{"line":13,"column":8},"end":{"line":13,"column":9}},"loc":{"start":{"line":13,"column":14},"end":{"line":13,"column":56}},"line":13},"2":{"name":"(anonymous_2)","decl":{"start":{"line":14,"column":8},"end":{"line":14,"column":9}},"loc":{"start":{"line":14,"column":14},"end":{"line":14,"column":62}},"line":14},"3":{"name":"(anonymous_3)","decl":{"start":{"line":15,"column":8},"end":{"line":15,"column":9}},"loc":{"start":{"line":15,"column":14},"end":{"line":15,"column":66}},"line":15},"4":{"name":"(anonymous_4)","decl":{"start":{"line":21,"column":2},"end":{"line":21,"column":3}},"loc":{"start":{"line":21,"column":37},"end":{"line":23,"column":3}},"line":21},"5":{"name":"(anonymous_5)","decl":{"start":{"line":25,"column":2},"end":{"line":25,"column":3}},"loc":{"start":{"line":25,"column":26},"end":{"line":28,"column":3}},"line":25},"6":{"name":"(anonymous_6)","decl":{"start":{"line":30,"column":2},"end":{"line":30,"column":3}},"loc":{"start":{"line":30,"column":25},"end":{"line":33,"column":3}},"line":30},"7":{"name":"(anonymous_7)","decl":{"start":{"line":35,"column":2},"end":{"line":35,"column":3}},"loc":{"start":{"line":35,"column":27},"end":{"line":38,"column":3}},"line":35},"8":{"name":"CreateFullName","decl":{"start":{"line":41,"column":16},"end":{"line":41,"column":30}},"loc":{"start":{"line":41,"column":77},"end":{"line":43,"column":1}},"line":41},"9":{"name":"formatFullName","decl":{"start":{"line":45,"column":16},"end":{"line":45,"column":30}},"loc":{"start":{"line":45,"column":49},"end":{"line":74,"column":1}},"line":45},"10":{"name":"(anonymous_10)","decl":{"start":{"line":49,"column":59},"end":{"line":49,"column":60}},"loc":{"start":{"line":49,"column":81},"end":{"line":51,"column":3}},"line":49}},"branchMap":{"0":{"loc":{"start":{"line":7,"column":43},"end":{"line":7,"column":58}},"type":"default-arg","locations":[{"start":{"line":7,"column":54},"end":{"line":7,"column":58}}],"line":7},"1":{"loc":{"start":{"line":8,"column":16},"end":{"line":8,"column":31}},"type":"binary-expr","locations":[{"start":{"line":8,"column":16},"end":{"line":8,"column":21}},{"start":{"line":8,"column":25},"end":{"line":8,"column":31}}],"line":8},"2":{"loc":{"start":{"line":10,"column":4},"end":{"line":18,"column":5}},"type":"if","locations":[{"start":{"line":10,"column":4},"end":{"line":18,"column":5}},{"start":{},"end":{}}],"line":10},"3":{"loc":{"start":{"line":22,"column":11},"end":{"line":22,"column":39}},"type":"binary-expr","locations":[{"start":{"line":22,"column":11},"end":{"line":22,"column":33}},{"start":{"line":22,"column":37},"end":{"line":22,"column":39}}],"line":22},"4":{"loc":{"start":{"line":26,"column":4},"end":{"line":26,"column":47}},"type":"if","locations":[{"start":{"line":26,"column":4},"end":{"line":26,"column":47}},{"start":{},"end":{}}],"line":26},"5":{"loc":{"start":{"line":31,"column":4},"end":{"line":31,"column":46}},"type":"if","locations":[{"start":{"line":31,"column":4},"end":{"line":31,"column":46}},{"start":{},"end":{}}],"line":31},"6":{"loc":{"start":{"line":32,"column":11},"end":{"line":32,"column":39}},"type":"binary-expr","locations":[{"start":{"line":32,"column":11},"end":{"line":32,"column":33}},{"start":{"line":32,"column":37},"end":{"line":32,"column":39}}],"line":32},"7":{"loc":{"start":{"line":36,"column":4},"end":{"line":36,"column":45}},"type":"if","locations":[{"start":{"line":36,"column":4},"end":{"line":36,"column":45}},{"start":{},"end":{}}],"line":36},"8":{"loc":{"start":{"line":37,"column":11},"end":{"line":37,"column":78}},"type":"binary-expr","locations":[{"start":{"line":37,"column":11},"end":{"line":37,"column":72}},{"start":{"line":37,"column":76},"end":{"line":37,"column":78}}],"line":37},"9":{"loc":{"start":{"line":41,"column":60},"end":{"line":41,"column":75}},"type":"default-arg","locations":[{"start":{"line":41,"column":71},"end":{"line":41,"column":75}}],"line":41},"10":{"loc":{"start":{"line":68,"column":4},"end":{"line":70,"column":5}},"type":"if","locations":[{"start":{"line":68,"column":4},"end":{"line":70,"column":5}},{"start":{},"end":{}}],"line":68}},"s":{"0":15,"1":15,"2":15,"3":15,"4":15,"5":15,"6":15,"7":15,"8":15,"9":41,"10":7,"11":0,"12":7,"13":7,"14":0,"15":7,"16":7,"17":4,"18":3,"19":15,"20":15,"21":15,"22":15,"23":15,"24":28,"25":15,"26":15,"27":15,"28":15,"29":120,"30":15,"31":15,"32":15,"33":43,"34":28,"35":15},"f":{"0":15,"1":15,"2":15,"3":15,"4":41,"5":7,"6":7,"7":7,"8":15,"9":15,"10":28},"b":{"0":[0],"1":[15,0],"2":[15,0],"3":[41,0],"4":[0,7],"5":[0,7],"6":[7,0],"7":[4,3],"8":[3,0],"9":[15],"10":[28,15]},"_coverageSchema":"1a1c01bbd47fc00a2c39e90264f33305004495a9","hash":"fb29f671d82617e1516f47937f6e74ad3e2f64d6"}
}
