{"/Users/colaborador/Documents/git/projects/value-objects/src/Errors/GenericError.error.ts": {"path":"/Users/colaborador/Documents/git/projects/value-objects/src/Errors/GenericError.error.ts","statementMap":{"0":{"start":{"line":2,"column":41},"end":{"line":2,"column":52}},"1":{"start":{"line":5,"column":8},"end":{"line":5,"column":23}},"2":{"start":{"line":6,"column":8},"end":{"line":6,"column":29}},"3":{"start":{"line":9,"column":8},"end":{"line":9,"column":60}}},"fnMap":{"0":{"name":"(anonymous_0)","decl":{"start":{"line":4,"column":4},"end":{"line":4,"column":5}},"loc":{"start":{"line":4,"column":48},"end":{"line":10,"column":5}},"line":4}},"branchMap":{"0":{"loc":{"start":{"line":4,"column":33},"end":{"line":4,"column":46}},"type":"default-arg","locations":[{"start":{"line":4,"column":42},"end":{"line":4,"column":46}}],"line":4}},"s":{"0":0,"1":0,"2":0,"3":0},"f":{"0":0},"b":{"0":[0]},"_coverageSchema":"1a1c01bbd47fc00a2c39e90264f33305004495a9","hash":"431df33ff64a6104598b7f2dd1e4dfa8a1154512"}
,"/Users/colaborador/Documents/git/projects/value-objects/src/Errors/InvalidValue.error.ts": {"path":"/Users/colaborador/Documents/git/projects/value-objects/src/Errors/InvalidValue.error.ts","statementMap":{"0":{"start":{"line":5,"column":2},"end":{"line":5,"column":24}},"1":{"start":{"line":6,"column":2},"end":{"line":6,"column":54}}},"fnMap":{"0":{"name":"(anonymous_0)","decl":{"start":{"line":4,"column":1},"end":{"line":4,"column":2}},"loc":{"start":{"line":4,"column":49},"end":{"line":7,"column":2}},"line":4}},"branchMap":{"0":{"loc":{"start":{"line":4,"column":30},"end":{"line":4,"column":47}},"type":"default-arg","locations":[{"start":{"line":4,"column":43},"end":{"line":4,"column":47}}],"line":4}},"s":{"0":0,"1":0},"f":{"0":0},"b":{"0":[0]},"_coverageSchema":"1a1c01bbd47fc00a2c39e90264f33305004495a9","hash":"97dbc2f390a5f30c4ac0de8c87e2ec0e679f32bf"}
,"/Users/colaborador/Documents/git/projects/value-objects/src/Resources/Messages.resource.ts": {"path":"/Users/colaborador/Documents/git/projects/value-objects/src/Resources/Messages.resource.ts","statementMap":{"0":{"start":{"line":5,"column":25},"end":{"line":5,"column":46}},"1":{"start":{"line":6,"column":20},"end":{"line":6,"column":43}},"2":{"start":{"line":7,"column":17},"end":{"line":7,"column":66}},"3":{"start":{"line":9,"column":1},"end":{"line":11,"column":2}},"4":{"start":{"line":10,"column":2},"end":{"line":10,"column":88}},"5":{"start":{"line":13,"column":25},"end":{"line":13,"column":85}},"6":{"start":{"line":14,"column":1},"end":{"line":14,"column":24}},"7":{"start":{"line":18,"column":16},"end":{"line":18,"column":79}},"8":{"start":{"line":20,"column":1},"end":{"line":22,"column":2}},"9":{"start":{"line":21,"column":2},"end":{"line":21,"column":15}},"10":{"start":{"line":24,"column":1},"end":{"line":24,"column":15}},"11":{"start":{"line":28,"column":21},"end":{"line":30,"column":3}},"12":{"start":{"line":29,"column":2},"end":{"line":29,"column":31}},"13":{"start":{"line":32,"column":1},"end":{"line":32,"column":22}},"14":{"start":{"line":37,"column":1},"end":{"line":37,"column":44}},"15":{"start":{"line":37,"column":32},"end":{"line":37,"column":43}},"16":{"start":{"line":39,"column":17},"end":{"line":41,"column":3}},"17":{"start":{"line":40,"column":2},"end":{"line":40,"column":38}},"18":{"start":{"line":43,"column":1},"end":{"line":43,"column":40}},"19":{"start":{"line":43,"column":28},"end":{"line":43,"column":39}},"20":{"start":{"line":45,"column":1},"end":{"line":45,"column":26}}},"fnMap":{"0":{"name":"getResourceMessageByKey","decl":{"start":{"line":4,"column":16},"end":{"line":4,"column":39}},"loc":{"start":{"line":4,"column":99},"end":{"line":15,"column":1}},"line":4},"1":{"name":"getLanguage","decl":{"start":{"line":17,"column":16},"end":{"line":17,"column":27}},"loc":{"start":{"line":17,"column":52},"end":{"line":25,"column":1}},"line":17},"2":{"name":"getValidationByKey","decl":{"start":{"line":27,"column":9},"end":{"line":27,"column":27}},"loc":{"start":{"line":27,"column":46},"end":{"line":33,"column":1}},"line":27},"3":{"name":"(anonymous_3)","decl":{"start":{"line":28,"column":50},"end":{"line":28,"column":51}},"loc":{"start":{"line":28,"column":66},"end":{"line":30,"column":2}},"line":28},"4":{"name":"getMessageByLanguage","decl":{"start":{"line":35,"column":9},"end":{"line":35,"column":29}},"loc":{"start":{"line":35,"column":65},"end":{"line":46,"column":1}},"line":35},"5":{"name":"(anonymous_5)","decl":{"start":{"line":39,"column":44},"end":{"line":39,"column":45}},"loc":{"start":{"line":39,"column":62},"end":{"line":41,"column":2}},"line":39}},"branchMap":{"0":{"loc":{"start":{"line":9,"column":1},"end":{"line":11,"column":2}},"type":"if","locations":[{"start":{"line":9,"column":1},"end":{"line":11,"column":2}},{"start":{},"end":{}}],"line":9},"1":{"loc":{"start":{"line":13,"column":25},"end":{"line":13,"column":85}},"type":"cond-expr","locations":[{"start":{"line":13,"column":36},"end":{"line":13,"column":75}},{"start":{"line":13,"column":78},"end":{"line":13,"column":85}}],"line":13},"2":{"loc":{"start":{"line":18,"column":16},"end":{"line":18,"column":79}},"type":"cond-expr","locations":[{"start":{"line":18,"column":43},"end":{"line":18,"column":68}},{"start":{"line":18,"column":71},"end":{"line":18,"column":79}}],"line":18},"3":{"loc":{"start":{"line":20,"column":1},"end":{"line":22,"column":2}},"type":"if","locations":[{"start":{"line":20,"column":1},"end":{"line":22,"column":2}},{"start":{},"end":{}}],"line":20},"4":{"loc":{"start":{"line":37,"column":1},"end":{"line":37,"column":44}},"type":"if","locations":[{"start":{"line":37,"column":1},"end":{"line":37,"column":44}},{"start":{},"end":{}}],"line":37},"5":{"loc":{"start":{"line":43,"column":1},"end":{"line":43,"column":40}},"type":"if","locations":[{"start":{"line":43,"column":1},"end":{"line":43,"column":40}},{"start":{},"end":{}}],"line":43}},"s":{"0":0,"1":0,"2":0,"3":0,"4":0,"5":0,"6":0,"7":0,"8":0,"9":0,"10":0,"11":0,"12":0,"13":0,"14":0,"15":0,"16":0,"17":0,"18":0,"19":0,"20":0},"f":{"0":0,"1":0,"2":0,"3":0,"4":0,"5":0},"b":{"0":[0,0],"1":[0,0],"2":[0,0],"3":[0,0],"4":[0,0],"5":[0,0]},"_coverageSchema":"1a1c01bbd47fc00a2c39e90264f33305004495a9","hash":"c27ac36b814eae85b011ca21f703d68bb7d884fa"}
,"/Users/colaborador/Documents/git/projects/value-objects/src/Resources/Replacer.resource.ts": {"path":"/Users/colaborador/Documents/git/projects/value-objects/src/Resources/Replacer.resource.ts","statementMap":{"0":{"start":{"line":10,"column":1},"end":{"line":17,"column":2}},"1":{"start":{"line":11,"column":26},"end":{"line":11,"column":135}},"2":{"start":{"line":11,"column":82},"end":{"line":11,"column":123}},"3":{"start":{"line":12,"column":2},"end":{"line":12,"column":25}},"4":{"start":{"line":15,"column":23},"end":{"line":15,"column":73}},"5":{"start":{"line":16,"column":2},"end":{"line":16,"column":39}}},"fnMap":{"0":{"name":"replaceTagsInMessage","decl":{"start":{"line":9,"column":16},"end":{"line":9,"column":36}},"loc":{"start":{"line":9,"column":87},"end":{"line":18,"column":1}},"line":9},"1":{"name":"(anonymous_1)","decl":{"start":{"line":11,"column":41},"end":{"line":11,"column":42}},"loc":{"start":{"line":11,"column":80},"end":{"line":11,"column":125}},"line":11}},"branchMap":{},"s":{"0":3,"1":3,"2":8,"3":3,"4":0,"5":0},"f":{"0":3,"1":8},"b":{},"_coverageSchema":"1a1c01bbd47fc00a2c39e90264f33305004495a9","hash":"8d543a77cac83c30007f288ce70686ec3852788a"}
}
