TN:
SF:src/Errors/GenericError.error.ts
FN:4,(anonymous_0)
FNF:1
FNH:1
FNDA:311,(anonymous_0)
DA:2,311
DA:5,311
DA:6,311
DA:9,311
LF:4
LH:4
BRDA:4,0,0,1
BRF:1
BRH:1
end_of_record
TN:
SF:src/Errors/InvalidValue.error.ts
FN:4,(anonymous_0)
FNF:1
FNH:1
FNDA:307,(anonymous_0)
DA:5,307
DA:6,307
LF:2
LH:2
BRDA:4,0,0,304
BRF:1
BRH:1
end_of_record
TN:
SF:src/Errors/index.ts
FNF:0
FNH:0
LF:0
LH:0
BRF:0
BRH:0
end_of_record
TN:
SF:src/Resources/Messages.resource.ts
FN:4,getResourceMessageByKey
FN:17,getLanguage
FN:27,getValidationByKey
FN:28,(anonymous_3)
FN:35,getMessageByLanguage
FN:39,(anonymous_5)
FNF:6
FNH:6
FNDA:960,getResourceMessageByKey
FNDA:961,getLanguage
FNDA:960,getValidationByKey
FNDA:15360,(anonymous_3)
FNDA:960,getMessageByLanguage
FNDA:1918,(anonymous_5)
DA:5,960
DA:6,960
DA:7,960
DA:9,960
DA:10,2
DA:13,958
DA:14,958
DA:18,961
DA:20,961
DA:21,961
DA:24,0
DA:28,960
DA:29,15360
DA:32,960
DA:37,960
DA:39,959
DA:40,1918
DA:43,959
DA:45,958
LF:19
LH:18
BRDA:9,0,0,2
BRDA:9,0,1,958
BRDA:13,1,0,429
BRDA:13,1,1,529
BRDA:18,2,0,20
BRDA:18,2,1,941
BRDA:20,3,0,961
BRDA:20,3,1,0
BRDA:37,4,0,1
BRDA:37,4,1,959
BRDA:43,5,0,1
BRDA:43,5,1,958
BRF:12
BRH:11
end_of_record
TN:
SF:src/Resources/Replacer.resource.ts
FN:9,replaceTagsInMessage
FN:11,(anonymous_1)
FNF:2
FNH:2
FNDA:435,replaceTagsInMessage
FNDA:602,(anonymous_1)
DA:10,435
DA:11,602
DA:12,432
DA:15,3
DA:16,3
LF:5
LH:5
BRF:0
BRH:0
end_of_record
TN:
SF:src/Types/index.ts
FNF:0
FNH:0
LF:0
LH:0
BRF:0
BRH:0
end_of_record
TN:
SF:src/Types/RootTypes/CreateValidator.ts
FN:4,CreateValidator
FNF:1
FNH:0
FNDA:0,CreateValidator
DA:5,0
DA:6,0
DA:7,0
DA:8,0
DA:10,0
LF:5
LH:0
BRDA:5,0,0,0
BRDA:5,0,1,0
BRDA:5,1,0,0
BRDA:5,1,1,0
BRF:4
BRH:0
end_of_record
TN:
SF:src/Types/RootTypes/GenericEntity.entity.ts
FN:4,(anonymous_0)
FN:8,(anonymous_1)
FN:26,(anonymous_2)
FNF:3
FNH:3
FNDA:4,(anonymous_0)
FNDA:8,(anonymous_1)
FNDA:1,(anonymous_2)
DA:5,4
DA:8,4
DA:10,8
DA:11,8
DA:12,8
DA:13,8
DA:15,8
DA:16,0
DA:19,8
DA:20,4
DA:23,8
DA:27,1
LF:12
LH:11
BRDA:8,0,0,8
BRDA:11,1,0,8
BRDA:11,1,1,8
BRDA:12,2,0,8
BRDA:12,2,1,0
BRDA:12,3,0,8
BRDA:12,3,1,8
BRDA:13,4,0,8
BRDA:13,4,1,0
BRDA:15,5,0,0
BRDA:15,5,1,8
BRDA:19,6,0,4
BRDA:19,6,1,4
BRF:13
BRH:10
end_of_record
TN:
SF:src/Types/RootTypes/GenericType.type.ts
FN:8,(anonymous_0)
FN:12,(anonymous_1)
FN:16,(anonymous_2)
FN:23,(anonymous_3)
FN:24,(anonymous_4)
FN:27,(anonymous_5)
FNF:6
FNH:5
FNDA:87,(anonymous_0)
FNDA:15,(anonymous_1)
FNDA:236,(anonymous_2)
FNDA:82,(anonymous_3)
FNDA:236,(anonymous_4)
FNDA:0,(anonymous_5)
DA:6,87
DA:9,87
DA:13,15
DA:17,236
DA:18,236
DA:19,69
DA:24,236
DA:28,0
LF:8
LH:7
BRDA:18,0,0,69
BRDA:18,0,1,167
BRF:2
BRH:2
end_of_record
TN:
SF:src/Validations/CannotBeBlank.validation.ts
FN:5,(anonymous_0)
FNF:1
FNH:1
FNDA:103,(anonymous_0)
DA:5,6
DA:11,103
DA:12,103
DA:14,97
DA:15,97
DA:17,97
DA:18,97
DA:19,85
DA:22,12
LF:9
LH:9
BRDA:8,0,0,80
BRDA:9,1,0,103
BRDA:12,2,0,6
BRDA:12,2,1,97
BRDA:18,3,0,12
BRDA:18,3,1,85
BRDA:19,4,0,16
BRDA:19,4,1,69
BRDA:19,5,0,85
BRDA:19,5,1,79
BRDA:19,5,2,79
BRDA:19,5,3,70
BRF:12
BRH:12
end_of_record
TN:
SF:src/Validations/CannotContainNumbers.validation.ts
FN:5,(anonymous_0)
FNF:1
FNH:1
FNDA:22,(anonymous_0)
DA:5,3
DA:7,22
DA:8,22
DA:10,17
DA:13,17
DA:15,17
DA:17,17
DA:18,17
LF:8
LH:8
BRDA:5,0,0,22
BRDA:8,1,0,5
BRDA:8,1,1,17
BRDA:15,2,0,0
BRDA:15,2,1,17
BRDA:18,3,0,12
BRDA:18,3,1,5
BRF:7
BRH:6
end_of_record
TN:
SF:src/Validations/CannotContainSpecialCharacters.validation.ts
FN:5,(anonymous_0)
FNF:1
FNH:1
FNDA:51,(anonymous_0)
DA:5,3
DA:6,51
DA:7,51
DA:9,46
DA:12,46
DA:14,46
DA:16,43
DA:17,43
LF:8
LH:8
BRDA:5,0,0,51
BRDA:7,1,0,5
BRDA:7,1,1,46
BRDA:14,2,0,3
BRDA:14,2,1,43
BRDA:17,3,0,6
BRDA:17,3,1,37
BRF:7
BRH:7
end_of_record
TN:
SF:src/Validations/CannotHaveMoreThanXCharacters.validation.ts
FN:5,(anonymous_0)
FNF:1
FNH:1
FNDA:78,(anonymous_0)
DA:5,5
DA:11,78
DA:12,78
DA:14,72
DA:18,72
DA:20,72
DA:21,72
DA:22,63
DA:25,9
LF:9
LH:9
BRDA:9,0,0,78
BRDA:12,1,0,6
BRDA:12,1,1,72
BRDA:21,2,0,9
BRDA:21,2,1,63
BRDA:22,3,0,5
BRDA:22,3,1,58
BRF:7
BRH:7
end_of_record
TN:
SF:src/Validations/CannotStartWithZero.validation.ts
FN:5,(anonymous_0)
FNF:1
FNH:1
FNDA:20,(anonymous_0)
DA:5,3
DA:6,20
DA:7,20
DA:9,15
DA:12,15
DA:14,15
DA:15,12
LF:7
LH:7
BRDA:5,0,0,20
BRDA:7,1,0,5
BRDA:7,1,1,15
BRDA:14,2,0,3
BRDA:14,2,1,12
BRDA:15,3,0,4
BRDA:15,3,1,8
BRF:7
BRH:7
end_of_record
TN:
SF:src/Validations/IsValidColor.validation.ts
FN:6,(anonymous_0)
FN:15,colorValidation
FNF:2
FNH:0
FNDA:0,(anonymous_0)
FNDA:0,colorValidation
DA:6,2
DA:7,0
DA:8,0
DA:10,0
DA:13,0
DA:16,0
DA:17,0
DA:18,0
DA:20,0
DA:21,0
DA:22,0
DA:26,0
LF:12
LH:1
BRDA:6,0,0,0
BRDA:8,1,0,0
BRDA:8,1,1,0
BRDA:17,2,0,0
BRDA:17,2,1,0
BRDA:26,3,0,0
BRDA:26,3,1,0
BRF:7
BRH:0
end_of_record
TN:
SF:src/Validations/IsValidEmail.validation.ts
FN:5,(anonymous_0)
FN:14,validateEmail
FNF:2
FNH:2
FNDA:26,(anonymous_0)
FNDA:21,validateEmail
DA:5,3
DA:6,26
DA:7,26
DA:9,21
DA:12,21
DA:15,21
DA:16,21
DA:17,18
DA:19,3
DA:23,21
LF:10
LH:10
BRDA:5,0,0,26
BRDA:7,1,0,5
BRDA:7,1,1,21
BRDA:16,2,0,3
BRDA:16,2,1,18
BRDA:23,3,0,15
BRDA:23,3,1,6
BRF:7
BRH:7
end_of_record
TN:
SF:src/Validations/IsValidUrl.validation.ts
FN:5,(anonymous_0)
FN:15,validateUrl
FNF:2
FNH:2
FNDA:19,(anonymous_0)
FNDA:14,validateUrl
DA:5,3
DA:7,19
DA:8,19
DA:10,14
DA:13,14
DA:16,14
DA:17,14
DA:18,11
DA:19,8
DA:21,6
DA:25,14
LF:11
LH:11
BRDA:5,0,0,19
BRDA:8,1,0,5
BRDA:8,1,1,14
BRDA:17,2,0,3
BRDA:17,2,1,11
BRDA:25,3,0,6
BRDA:25,3,1,8
BRF:7
BRH:7
end_of_record
TN:
SF:src/Validations/MustBeContainedInEnum.validation.ts
FN:7,(anonymous_0)
FN:31,(anonymous_1)
FNF:2
FNH:2
FNDA:15,(anonymous_0)
FNDA:34,(anonymous_1)
DA:7,3
DA:14,15
DA:15,15
DA:17,10
DA:18,10
DA:19,9
DA:21,8
DA:23,8
DA:27,8
DA:29,8
DA:31,5
DA:32,34
DA:35,5
DA:36,1
DA:40,4
LF:15
LH:15
BRDA:11,0,0,15
BRDA:15,1,0,5
BRDA:15,1,1,10
BRDA:18,2,0,1
BRDA:18,2,1,9
BRDA:19,3,0,1
BRDA:19,3,1,8
BRDA:29,4,0,3
BRDA:29,4,1,5
BRDA:35,5,0,1
BRDA:35,5,1,4
BRF:11
BRH:11
end_of_record
TN:
SF:src/Validations/MustContainOnlyNumbers.validation.ts
FN:5,(anonymous_0)
FNF:1
FNH:1
FNDA:23,(anonymous_0)
DA:5,3
DA:7,23
DA:8,23
DA:10,18
DA:13,18
DA:15,18
DA:16,15
LF:7
LH:7
BRDA:5,0,0,23
BRDA:8,1,0,5
BRDA:8,1,1,18
BRDA:15,2,0,3
BRDA:15,2,1,15
BRDA:16,3,0,10
BRDA:16,3,1,5
BRF:7
BRH:7
end_of_record
TN:
SF:src/Validations/MustHaveAtLeastXCharacters.validation.ts
FN:5,(anonymous_0)
FNF:1
FNH:1
FNDA:91,(anonymous_0)
DA:5,6
DA:12,91
DA:13,91
DA:15,85
DA:19,85
DA:21,85
DA:22,85
DA:24,70
DA:27,15
LF:9
LH:9
BRDA:9,0,0,91
BRDA:13,1,0,6
BRDA:13,1,1,85
BRDA:22,2,0,15
BRDA:22,2,1,70
BRDA:24,3,0,22
BRDA:24,3,1,48
BRF:7
BRH:7
end_of_record
TN:
SF:src/Validations/MustHaveOnlyOneWord.validation.ts
FN:5,(anonymous_0)
FNF:1
FNH:1
FNDA:41,(anonymous_0)
DA:5,3
DA:7,41
DA:8,41
DA:10,36
DA:13,36
DA:15,36
DA:16,36
DA:17,35
DA:18,35
DA:20,35
DA:23,1
LF:11
LH:11
BRDA:5,0,0,41
BRDA:8,1,0,5
BRDA:8,1,1,36
BRDA:20,2,0,8
BRDA:20,2,1,27
BRDA:20,3,0,35
BRDA:20,3,1,29
BRDA:20,3,2,28
BRF:8
BRH:8
end_of_record
TN:
SF:src/Validations/MustHaveTheSameStructureThan.validation.ts
FN:4,MustHaveTheSameStructureThan
FNF:1
FNH:0
FNDA:0,MustHaveTheSameStructureThan
DA:6,0
DA:10,0
DA:12,0
DA:13,0
DA:14,0
DA:16,0
DA:18,0
LF:7
LH:0
BRDA:4,0,0,0
BRF:1
BRH:0
end_of_record
TN:
SF:src/Validations/ValidationsTools.ts
FN:4,validateLabel
FNF:1
FNH:1
FNDA:499,validateLabel
DA:5,499
DA:7,499
DA:8,463
DA:9,436
LF:4
LH:4
BRDA:4,0,0,499
BRDA:7,1,0,36
BRDA:7,1,1,463
BRDA:8,2,0,27
BRDA:8,2,1,436
BRF:5
BRH:5
end_of_record
TN:
SF:src/Validations/index.ts
FNF:0
FNH:0
LF:0
LH:0
BRF:0
BRH:0
end_of_record
TN:
SF:src/ValueObjects/Person/FullName.type.ts
FN:7,(anonymous_0)
FN:13,(anonymous_1)
FN:14,(anonymous_2)
FN:15,(anonymous_3)
FN:21,(anonymous_4)
FN:25,(anonymous_5)
FN:30,(anonymous_6)
FN:35,(anonymous_7)
FN:41,createFullName
FN:45,formatFullName
FN:49,(anonymous_10)
FNF:11
FNH:11
FNDA:17,(anonymous_0)
FNDA:17,(anonymous_1)
FNDA:17,(anonymous_2)
FNDA:17,(anonymous_3)
FNDA:44,(anonymous_4)
FNDA:8,(anonymous_5)
FNDA:7,(anonymous_6)
FNDA:8,(anonymous_7)
FNDA:16,createFullName
FNDA:17,formatFullName
FNDA:30,(anonymous_10)
DA:8,17
DA:9,17
DA:10,17
DA:11,17
DA:12,17
DA:13,17
DA:14,17
DA:15,17
DA:17,17
DA:22,44
DA:26,8
DA:27,8
DA:31,7
DA:32,7
DA:36,8
DA:37,3
DA:42,16
DA:46,17
DA:47,17
DA:48,17
DA:49,17
DA:50,30
DA:53,17
DA:54,17
DA:56,17
DA:57,136
DA:65,17
DA:66,17
DA:67,17
DA:68,45
DA:69,30
DA:73,17
LF:32
LH:32
BRDA:7,0,0,1
BRDA:8,1,0,17
BRDA:8,1,1,0
BRDA:10,2,0,17
BRDA:10,2,1,0
BRDA:22,3,0,44
BRDA:22,3,1,0
BRDA:26,4,0,0
BRDA:26,4,1,8
BRDA:31,5,0,0
BRDA:31,5,1,7
BRDA:32,6,0,7
BRDA:32,6,1,0
BRDA:36,7,0,5
BRDA:36,7,1,3
BRDA:37,8,0,3
BRDA:37,8,1,0
BRDA:41,9,0,16
BRDA:68,10,0,30
BRDA:68,10,1,15
BRF:20
BRH:13
end_of_record
TN:
SF:src/ValueObjects/StringLiteral/LongDescription.type.ts
FN:6,(anonymous_0)
FN:10,(anonymous_1)
FN:11,(anonymous_2)
FN:19,createLongDescription
FNF:4
FNH:4
FNDA:8,(anonymous_0)
FNDA:8,(anonymous_1)
FNDA:8,(anonymous_2)
FNDA:8,createLongDescription
DA:7,8
DA:8,8
DA:9,8
DA:10,8
DA:11,8
DA:13,8
DA:14,1
DA:20,8
LF:8
LH:8
BRDA:7,0,0,8
BRDA:7,0,1,0
BRDA:13,1,0,1
BRDA:13,1,1,7
BRF:4
BRH:3
end_of_record
TN:
SF:src/ValueObjects/StringLiteral/ShortDescription.type.ts
FN:7,(anonymous_0)
FN:12,(anonymous_1)
FN:13,(anonymous_2)
FN:14,(anonymous_3)
FN:24,createShortDescription
FNF:5
FNH:5
FNDA:18,(anonymous_0)
FNDA:18,(anonymous_1)
FNDA:18,(anonymous_2)
FNDA:18,(anonymous_3)
FNDA:18,createShortDescription
DA:8,18
DA:9,18
DA:11,18
DA:12,18
DA:13,18
DA:14,18
DA:17,18
DA:18,10
DA:25,18
LF:9
LH:9
BRDA:8,0,0,18
BRDA:8,0,1,0
BRDA:17,1,0,10
BRDA:17,1,1,8
BRF:4
BRH:3
end_of_record
TN:
SF:src/ValueObjects/StringLiteral/SingleWord.type.ts
FN:9,(anonymous_0)
FN:13,(anonymous_1)
FN:14,(anonymous_2)
FN:15,(anonymous_3)
FN:16,(anonymous_4)
FN:24,createSingleWord
FNF:6
FNH:6
FNDA:17,(anonymous_0)
FNDA:17,(anonymous_1)
FNDA:17,(anonymous_2)
FNDA:17,(anonymous_3)
FNDA:17,(anonymous_4)
FNDA:17,createSingleWord
DA:10,17
DA:11,17
DA:12,17
DA:13,17
DA:14,17
DA:15,17
DA:16,17
DA:18,17
DA:19,11
DA:25,17
LF:10
LH:10
BRDA:9,0,0,0
BRDA:10,1,0,17
BRDA:10,1,1,1
BRDA:18,2,0,11
BRDA:18,2,1,6
BRDA:24,3,0,1
BRF:6
BRH:5
end_of_record
TN:
SF:src/ValueObjects/StringLiteral/Title.type.ts
FN:7,(anonymous_0)
FN:11,(anonymous_1)
FN:12,(anonymous_2)
FN:13,(anonymous_3)
FN:21,createTitle
FN:25,capitalizeText
FN:27,(anonymous_6)
FNF:7
FNH:7
FNDA:11,(anonymous_0)
FNDA:11,(anonymous_1)
FNDA:11,(anonymous_2)
FNDA:11,(anonymous_3)
FNDA:11,createTitle
FNDA:9,capitalizeText
FNDA:24,(anonymous_6)
DA:8,11
DA:9,11
DA:10,11
DA:11,11
DA:12,11
DA:13,11
DA:15,11
DA:16,9
DA:22,11
DA:26,9
DA:27,9
DA:28,24
DA:31,9
DA:32,9
DA:34,9
DA:35,90
DA:44,9
DA:45,9
DA:46,9
DA:47,24
DA:48,24
DA:52,9
LF:22
LH:22
BRDA:8,0,0,11
BRDA:8,0,1,0
BRDA:15,1,0,9
BRDA:15,1,1,2
BRDA:47,2,0,24
BRDA:47,2,1,0
BRF:6
BRH:4
end_of_record
