TN:
SF:src/Errors/GenericError.error.ts
FN:4,(anonymous_0)
FNF:1
FNH:1
FNDA:307,(anonymous_0)
DA:2,307
DA:5,307
DA:6,307
DA:9,307
LF:4
LH:4
BRDA:4,0,0,1
BRF:1
BRH:1
end_of_record
TN:
SF:src/Errors/InvalidValue.error.ts
FN:4,(anonymous_0)
FNF:1
FNH:1
FNDA:304,(anonymous_0)
DA:5,304
DA:6,304
LF:2
LH:2
BRDA:4,0,0,302
BRF:1
BRH:1
end_of_record
TN:
SF:src/Resources/Messages.resource.ts
FN:4,getResourceMessageByKey
FN:17,getLanguage
FN:27,getValidationByKey
FN:28,(anonymous_3)
FN:35,getMessageByLanguage
FN:39,(anonymous_5)
FNF:6
FNH:6
FNDA:967,getResourceMessageByKey
FNDA:968,getLanguage
FNDA:967,getValidationByKey
FNDA:13538,(anonymous_3)
FNDA:967,getMessageByLanguage
FNDA:1932,(anonymous_5)
DA:5,967
DA:6,967
DA:7,967
DA:9,967
DA:10,2
DA:13,965
DA:14,965
DA:18,968
DA:20,968
DA:21,968
DA:24,0
DA:28,967
DA:29,13538
DA:32,967
DA:37,967
DA:39,966
DA:40,1932
DA:43,966
DA:45,965
LF:19
LH:18
BRDA:9,0,0,2
BRDA:9,0,1,965
BRDA:13,1,0,435
BRDA:13,1,1,530
BRDA:18,2,0,15
BRDA:18,2,1,953
BRDA:20,3,0,968
BRDA:20,3,1,0
BRDA:37,4,0,1
BRDA:37,4,1,966
BRDA:43,5,0,1
BRDA:43,5,1,965
BRF:12
BRH:11
end_of_record
TN:
SF:src/Resources/Replacer.resource.ts
FN:7,replaceTagsInMessage
FN:8,(anonymous_1)
FNF:2
FNH:2
FNDA:438,replaceTagsInMessage
FNDA:606,(anonymous_1)
DA:8,606
DA:9,438
LF:2
LH:2
BRF:0
BRH:0
end_of_record
TN:
SF:src/Types/RootTypes/GenericEntity.entity.ts
FN:4,(anonymous_0)
FN:8,(anonymous_1)
FN:26,(anonymous_2)
FNF:3
FNH:3
FNDA:4,(anonymous_0)
FNDA:8,(anonymous_1)
FNDA:1,(anonymous_2)
DA:5,4
DA:8,4
DA:10,8
DA:11,8
DA:12,8
DA:13,8
DA:15,8
DA:16,0
DA:19,8
DA:20,4
DA:23,8
DA:27,1
LF:12
LH:11
BRDA:8,0,0,8
BRDA:11,1,0,8
BRDA:11,1,1,8
BRDA:12,2,0,8
BRDA:12,2,1,0
BRDA:12,3,0,8
BRDA:12,3,1,8
BRDA:13,4,0,8
BRDA:13,4,1,0
BRDA:15,5,0,0
BRDA:15,5,1,8
BRDA:19,6,0,4
BRDA:19,6,1,4
BRF:13
BRH:10
end_of_record
TN:
SF:src/Types/RootTypes/GenericType.type.ts
FN:8,(anonymous_0)
FN:12,(anonymous_1)
FN:16,(anonymous_2)
FN:23,(anonymous_3)
FN:24,(anonymous_4)
FN:27,(anonymous_5)
FNF:6
FNH:5
FNDA:86,(anonymous_0)
FNDA:15,(anonymous_1)
FNDA:233,(anonymous_2)
FNDA:81,(anonymous_3)
FNDA:233,(anonymous_4)
FNDA:0,(anonymous_5)
DA:6,86
DA:9,86
DA:13,15
DA:17,233
DA:18,233
DA:19,69
DA:24,233
DA:28,0
LF:8
LH:7
BRDA:18,0,0,69
BRDA:18,0,1,164
BRF:2
BRH:2
end_of_record
TN:
SF:src/Validations/CannotBeBlank.validation.ts
FN:5,(anonymous_0)
FNF:1
FNH:1
FNDA:102,(anonymous_0)
DA:5,6
DA:11,102
DA:12,102
DA:14,96
DA:15,96
DA:17,96
DA:18,96
DA:19,84
DA:22,12
LF:9
LH:9
BRDA:8,0,0,80
BRDA:9,1,0,102
BRDA:12,2,0,6
BRDA:12,2,1,96
BRDA:18,3,0,12
BRDA:18,3,1,84
BRDA:19,4,0,16
BRDA:19,4,1,68
BRDA:19,5,0,84
BRDA:19,5,1,78
BRDA:19,5,2,78
BRDA:19,5,3,69
BRF:12
BRH:12
end_of_record
TN:
SF:src/Validations/CannotHaveMoreThanXCharacters.validation.ts
FN:5,(anonymous_0)
FNF:1
FNH:1
FNDA:77,(anonymous_0)
DA:5,5
DA:11,77
DA:12,77
DA:14,71
DA:18,71
DA:20,71
DA:21,71
DA:22,62
DA:25,9
LF:9
LH:9
BRDA:9,0,0,77
BRDA:12,1,0,6
BRDA:12,1,1,71
BRDA:21,2,0,9
BRDA:21,2,1,62
BRDA:22,3,0,5
BRDA:22,3,1,57
BRF:7
BRH:7
end_of_record
TN:
SF:src/Validations/CannotHaveSpecialCharacters.validation.ts
FN:5,(anonymous_0)
FNF:1
FNH:1
FNDA:51,(anonymous_0)
DA:5,1
DA:6,51
DA:7,51
DA:9,46
DA:12,46
DA:14,46
DA:16,43
DA:17,43
LF:8
LH:8
BRDA:5,0,0,51
BRDA:7,1,0,5
BRDA:7,1,1,46
BRDA:14,2,0,3
BRDA:14,2,1,43
BRDA:17,3,0,6
BRDA:17,3,1,37
BRF:7
BRH:7
end_of_record
TN:
SF:src/Validations/CannotStartWithZero.validation.ts
FN:5,(anonymous_0)
FNF:1
FNH:1
FNDA:20,(anonymous_0)
DA:5,1
DA:6,20
DA:7,20
DA:9,15
DA:12,15
DA:14,15
DA:15,12
LF:7
LH:7
BRDA:5,0,0,20
BRDA:7,1,0,5
BRDA:7,1,1,15
BRDA:14,2,0,3
BRDA:14,2,1,12
BRDA:15,3,0,4
BRDA:15,3,1,8
BRF:7
BRH:7
end_of_record
TN:
SF:src/Validations/IsValidColor.validation.ts
FN:6,(anonymous_0)
FN:15,colorValidation
FNF:2
FNH:2
FNDA:31,(anonymous_0)
FNDA:26,colorValidation
DA:6,1
DA:7,31
DA:8,31
DA:10,26
DA:13,26
DA:16,26
DA:17,26
DA:18,23
DA:20,3
DA:24,26
LF:10
LH:10
BRDA:6,0,0,31
BRDA:8,1,0,5
BRDA:8,1,1,26
BRDA:17,2,0,3
BRDA:17,2,1,23
BRDA:24,3,0,12
BRDA:24,3,1,14
BRF:7
BRH:7
end_of_record
TN:
SF:src/Validations/IsValidEmail.validation.ts
FN:5,(anonymous_0)
FN:14,validateEmail
FNF:2
FNH:2
FNDA:26,(anonymous_0)
FNDA:21,validateEmail
DA:5,1
DA:6,26
DA:7,26
DA:9,21
DA:12,21
DA:15,21
DA:16,21
DA:17,18
DA:19,3
DA:23,21
LF:10
LH:10
BRDA:5,0,0,26
BRDA:7,1,0,5
BRDA:7,1,1,21
BRDA:16,2,0,3
BRDA:16,2,1,18
BRDA:23,3,0,15
BRDA:23,3,1,6
BRF:7
BRH:7
end_of_record
TN:
SF:src/Validations/IsValidUrl.validation.ts
FN:5,(anonymous_0)
FN:15,validateUrl
FNF:2
FNH:2
FNDA:19,(anonymous_0)
FNDA:14,validateUrl
DA:5,1
DA:7,19
DA:8,19
DA:10,14
DA:13,14
DA:16,14
DA:17,14
DA:18,11
DA:19,8
DA:21,6
DA:25,14
LF:11
LH:11
BRDA:5,0,0,19
BRDA:8,1,0,5
BRDA:8,1,1,14
BRDA:17,2,0,3
BRDA:17,2,1,11
BRDA:25,3,0,6
BRDA:25,3,1,8
BRF:7
BRH:7
end_of_record
TN:
SF:src/Validations/MustBeContainedInEnum.validation.ts
FN:7,(anonymous_0)
FN:31,(anonymous_1)
FNF:2
FNH:2
FNDA:15,(anonymous_0)
FNDA:34,(anonymous_1)
DA:7,1
DA:14,15
DA:15,15
DA:17,10
DA:18,10
DA:19,9
DA:21,8
DA:23,8
DA:27,8
DA:29,8
DA:31,5
DA:32,34
DA:35,5
DA:36,1
DA:40,4
LF:15
LH:15
BRDA:11,0,0,15
BRDA:15,1,0,5
BRDA:15,1,1,10
BRDA:18,2,0,1
BRDA:18,2,1,9
BRDA:19,3,0,1
BRDA:19,3,1,8
BRDA:29,4,0,3
BRDA:29,4,1,5
BRDA:35,5,0,1
BRDA:35,5,1,4
BRF:11
BRH:11
end_of_record
TN:
SF:src/Validations/MustContainOnlyNumbers.validation.ts
FN:5,(anonymous_0)
FNF:1
FNH:1
FNDA:23,(anonymous_0)
DA:5,1
DA:7,23
DA:8,23
DA:10,18
DA:13,18
DA:15,18
DA:16,15
LF:7
LH:7
BRDA:5,0,0,23
BRDA:8,1,0,5
BRDA:8,1,1,18
BRDA:15,2,0,3
BRDA:15,2,1,15
BRDA:16,3,0,10
BRDA:16,3,1,5
BRF:7
BRH:7
end_of_record
TN:
SF:src/Validations/MustHaveAtLeastXCharacters.validation.ts
FN:5,(anonymous_0)
FNF:1
FNH:1
FNDA:90,(anonymous_0)
DA:5,6
DA:12,90
DA:13,90
DA:15,84
DA:19,84
DA:21,84
DA:22,84
DA:24,69
DA:27,15
LF:9
LH:9
BRDA:9,0,0,90
BRDA:13,1,0,6
BRDA:13,1,1,84
BRDA:22,2,0,15
BRDA:22,2,1,69
BRDA:24,3,0,22
BRDA:24,3,1,47
BRF:7
BRH:7
end_of_record
TN:
SF:src/Validations/MustHaveOnlyOneWord.validation.ts
FN:5,(anonymous_0)
FNF:1
FNH:1
FNDA:41,(anonymous_0)
DA:5,2
DA:7,41
DA:8,41
DA:10,36
DA:13,36
DA:15,36
DA:16,36
DA:17,35
DA:18,35
DA:20,35
DA:23,1
LF:11
LH:11
BRDA:5,0,0,41
BRDA:8,1,0,5
BRDA:8,1,1,36
BRDA:20,2,0,8
BRDA:20,2,1,27
BRDA:20,3,0,35
BRDA:20,3,1,29
BRDA:20,3,2,28
BRF:8
BRH:8
end_of_record
TN:
SF:src/Validations/ValidationsTools.ts
FN:4,validateLabel
FNF:1
FNH:1
FNDA:505,validateLabel
DA:5,505
DA:7,505
DA:8,469
DA:9,442
LF:4
LH:4
BRDA:4,0,0,505
BRDA:7,1,0,36
BRDA:7,1,1,469
BRDA:8,2,0,27
BRDA:8,2,1,442
BRF:5
BRH:5
end_of_record
TN:
SF:src/ValueObjects/Person/FullName.type.ts
FN:7,(anonymous_0)
FN:13,(anonymous_1)
FN:14,(anonymous_2)
FN:15,(anonymous_3)
FN:21,(anonymous_4)
FN:25,(anonymous_5)
FN:30,(anonymous_6)
FN:35,(anonymous_7)
FN:41,createFullName
FN:45,formatFullName
FN:49,(anonymous_10)
FNF:11
FNH:11
FNDA:16,(anonymous_0)
FNDA:16,(anonymous_1)
FNDA:16,(anonymous_2)
FNDA:16,(anonymous_3)
FNDA:41,(anonymous_4)
FNDA:7,(anonymous_5)
FNDA:7,(anonymous_6)
FNDA:7,(anonymous_7)
FNDA:15,createFullName
FNDA:16,formatFullName
FNDA:29,(anonymous_10)
DA:8,16
DA:9,16
DA:10,16
DA:11,16
DA:12,16
DA:13,16
DA:14,16
DA:15,16
DA:17,16
DA:22,41
DA:26,7
DA:27,7
DA:31,7
DA:32,7
DA:36,7
DA:37,3
DA:42,15
DA:46,16
DA:47,16
DA:48,16
DA:49,16
DA:50,29
DA:53,16
DA:54,16
DA:56,16
DA:57,128
DA:65,16
DA:66,16
DA:67,16
DA:68,44
DA:69,29
DA:73,16
LF:32
LH:32
BRDA:7,0,0,1
BRDA:8,1,0,16
BRDA:8,1,1,0
BRDA:10,2,0,16
BRDA:10,2,1,0
BRDA:22,3,0,41
BRDA:22,3,1,0
BRDA:26,4,0,0
BRDA:26,4,1,7
BRDA:31,5,0,0
BRDA:31,5,1,7
BRDA:32,6,0,7
BRDA:32,6,1,0
BRDA:36,7,0,4
BRDA:36,7,1,3
BRDA:37,8,0,3
BRDA:37,8,1,0
BRDA:41,9,0,15
BRDA:68,10,0,29
BRDA:68,10,1,15
BRF:20
BRH:13
end_of_record
TN:
SF:src/ValueObjects/StringLiteral/LongDescription.type.ts
FN:6,(anonymous_0)
FN:10,(anonymous_1)
FN:11,(anonymous_2)
FN:19,createLongDescription
FNF:4
FNH:4
FNDA:8,(anonymous_0)
FNDA:8,(anonymous_1)
FNDA:8,(anonymous_2)
FNDA:8,createLongDescription
DA:7,8
DA:8,8
DA:9,8
DA:10,8
DA:11,8
DA:13,8
DA:14,1
DA:20,8
LF:8
LH:8
BRDA:7,0,0,8
BRDA:7,0,1,0
BRDA:13,1,0,1
BRDA:13,1,1,7
BRF:4
BRH:3
end_of_record
TN:
SF:src/ValueObjects/StringLiteral/ShortDescription.type.ts
FN:8,(anonymous_0)
FN:13,(anonymous_1)
FN:14,(anonymous_2)
FN:15,(anonymous_3)
FN:25,createShortDescription
FNF:5
FNH:5
FNDA:18,(anonymous_0)
FNDA:18,(anonymous_1)
FNDA:18,(anonymous_2)
FNDA:18,(anonymous_3)
FNDA:18,createShortDescription
DA:9,18
DA:10,18
DA:12,18
DA:13,18
DA:14,18
DA:15,18
DA:18,18
DA:19,10
DA:26,18
LF:9
LH:9
BRDA:9,0,0,18
BRDA:9,0,1,0
BRDA:18,1,0,10
BRDA:18,1,1,8
BRF:4
BRH:3
end_of_record
TN:
SF:src/ValueObjects/StringLiteral/SingleWord.type.ts
FN:9,(anonymous_0)
FN:13,(anonymous_1)
FN:14,(anonymous_2)
FN:15,(anonymous_3)
FN:16,(anonymous_4)
FN:24,createSingleWord
FNF:6
FNH:6
FNDA:17,(anonymous_0)
FNDA:17,(anonymous_1)
FNDA:17,(anonymous_2)
FNDA:17,(anonymous_3)
FNDA:17,(anonymous_4)
FNDA:17,createSingleWord
DA:10,17
DA:11,17
DA:12,17
DA:13,17
DA:14,17
DA:15,17
DA:16,17
DA:18,17
DA:19,11
DA:25,17
LF:10
LH:10
BRDA:9,0,0,0
BRDA:10,1,0,17
BRDA:10,1,1,1
BRDA:18,2,0,11
BRDA:18,2,1,6
BRDA:24,3,0,1
BRF:6
BRH:5
end_of_record
TN:
SF:src/ValueObjects/StringLiteral/Title.type.ts
FN:7,(anonymous_0)
FN:11,(anonymous_1)
FN:12,(anonymous_2)
FN:13,(anonymous_3)
FN:21,createTitle
FN:25,capitalizeText
FN:27,(anonymous_6)
FNF:7
FNH:7
FNDA:11,(anonymous_0)
FNDA:11,(anonymous_1)
FNDA:11,(anonymous_2)
FNDA:11,(anonymous_3)
FNDA:11,createTitle
FNDA:9,capitalizeText
FNDA:24,(anonymous_6)
DA:8,11
DA:9,11
DA:10,11
DA:11,11
DA:12,11
DA:13,11
DA:15,11
DA:16,9
DA:22,11
DA:26,9
DA:27,9
DA:28,24
DA:31,9
DA:32,9
DA:34,9
DA:35,90
DA:44,9
DA:45,9
DA:46,9
DA:47,24
DA:48,24
DA:52,9
LF:22
LH:22
BRDA:8,0,0,11
BRDA:8,0,1,0
BRDA:15,1,0,9
BRDA:15,1,1,2
BRDA:47,2,0,24
BRDA:47,2,1,0
BRF:6
BRH:4
end_of_record
